#
# There is insufficient memory for the Java Runtime Environment to continue.
# Native memory allocation (malloc) failed to allocate 1175136 bytes for Chunk::new
# Possible reasons:
#   The system is out of physical RAM or swap space
#   In 32 bit mode, the process size limit was hit
# Possible solutions:
#   Reduce memory load on the system
#   Increase physical memory or swap space
#   Check if swap backing store is full
#   Use 64 bit Java on a 64 bit OS
#   Decrease Java heap size (-Xmx/-Xms)
#   Decrease number of Java threads
#   Decrease Java thread stack sizes (-Xss)
#   Set larger code cache with -XX:ReservedCodeCacheSize=
# This output file may be truncated or incomplete.
#
#  Out of Memory Error (allocation.cpp:390), pid=18672, tid=0x0000000000002ca8
#
# JRE version: Java(TM) SE Runtime Environment (8.0_171-b11) (build 1.8.0_171-b11)
# Java VM: Java HotSpot(TM) 64-Bit Server VM (25.171-b11 mixed mode windows-amd64 compressed oops)
# Failed to write core dump. Minidumps are not enabled by default on client versions of Windows
#

---------------  T H R E A D  ---------------

Current thread (0x0000000019604800):  JavaThread "C2 CompilerThread0" daemon [_thread_in_native, id=11432, stack(0x0000000019e80000,0x0000000019f80000)]

Stack: [0x0000000019e80000,0x0000000019f80000]
[error occurred during error reporting (printing stack bounds), id 0xc0000005]

Native frames: (J=compiled Java code, j=interpreted, Vv=VM code, C=native code)


Current CompileTask:
C2:  14626 4257   !   4       org.apache.catalina.startup.ContextConfig::populateJavaClassCache (159 bytes)


---------------  P R O C E S S  ---------------

Java Threads: ( => current thread )
  0x000000001d8b0800 JavaThread "localhost-startStop-1" daemon [_thread_in_vm, id=572, stack(0x0000000020b90000,0x0000000020c90000)]
  0x000000001d8af800 JavaThread "Tomcat-startStop-1" daemon [_thread_blocked, id=21000, stack(0x000000001f890000,0x000000001f990000)]
  0x0000000019696000 JavaThread "Service Thread" daemon [_thread_blocked, id=8836, stack(0x000000001a180000,0x000000001a280000)]
  0x0000000019606000 JavaThread "C1 CompilerThread2" daemon [_thread_blocked, id=12688, stack(0x000000001a080000,0x000000001a180000)]
  0x0000000019605800 JavaThread "C2 CompilerThread1" daemon [_thread_in_native, id=17420, stack(0x0000000019f80000,0x000000001a080000)]
=>0x0000000019604800 JavaThread "C2 CompilerThread0" daemon [_thread_in_native, id=11432, stack(0x0000000019e80000,0x0000000019f80000)]
  0x000000001959d000 JavaThread "JDWP Command Reader" daemon [_thread_in_native, id=15988, stack(0x0000000019d80000,0x0000000019e80000)]
  0x0000000019598800 JavaThread "JDWP Event Helper Thread" daemon [_thread_blocked, id=13960, stack(0x0000000019c80000,0x0000000019d80000)]
  0x000000001824c000 JavaThread "JDWP Transport Listener: dt_socket" daemon [_thread_blocked, id=1296, stack(0x0000000019b80000,0x0000000019c80000)]
  0x0000000018200000 JavaThread "Attach Listener" daemon [_thread_blocked, id=14360, stack(0x0000000019a80000,0x0000000019b80000)]
  0x0000000019590800 JavaThread "Signal Dispatcher" daemon [_thread_blocked, id=6988, stack(0x0000000019980000,0x0000000019a80000)]
  0x0000000003699000 JavaThread "Finalizer" daemon [_thread_blocked, id=12800, stack(0x0000000019480000,0x0000000019580000)]
  0x0000000003693000 JavaThread "Reference Handler" daemon [_thread_blocked, id=14996, stack(0x0000000019380000,0x0000000019480000)]
  0x00000000035a2800 JavaThread "main" [_thread_blocked, id=9684, stack(0x0000000003250000,0x0000000003350000)]

Other Threads:
  0x00000000181b7800 VMThread [stack: 0x0000000019280000,0x0000000019380000] [id=19144]
  0x00000000196ae000 WatcherThread [stack: 0x000000001a280000,0x000000001a380000] [id=18612]

VM state:not at safepoint (normal execution)

VM Mutex/Monitor currently owned by a thread: None

Heap:
 PSYoungGen      total 143872K, used 90871K [0x00000000d5d80000, 0x00000000df480000, 0x0000000100000000)
  eden space 133120K, 60% used [0x00000000d5d80000,0x00000000dabc38f0,0x00000000ddf80000)
  from space 10752K, 99% used [0x00000000ddf80000,0x00000000de9fa4a0,0x00000000dea00000)
  to   space 10240K, 0% used [0x00000000dea80000,0x00000000dea80000,0x00000000df480000)
 ParOldGen       total 67072K, used 25683K [0x0000000081800000, 0x0000000085980000, 0x00000000d5d80000)
  object space 67072K, 38% used [0x0000000081800000,0x0000000083114fd0,0x0000000085980000)
 Metaspace       used 24304K, capacity 24866K, committed 25088K, reserved 1071104K
  class space    used 2801K, capacity 2966K, committed 3072K, reserved 1048576K

Card table byte_map: [0x0000000012a60000,0x0000000012e60000] byte_map_base: 0x0000000012654000

Marking Bits: (ParMarkBitMap*) 0x000000005d7008c0
 Begin Bits: [0x0000000013510000, 0x00000000154b0000)
 End Bits:   [0x00000000154b0000, 0x0000000017450000)

Polling page: 0x0000000000fe0000

CodeCache: size=245760Kb used=14544Kb max_used=14544Kb free=231215Kb
 bounds [0x00000000036a0000, 0x00000000044f0000, 0x00000000126a0000]
 total_blobs=4124 nmethods=3735 adapters=308
 compilation: enabled

Compilation events (10 events):
Event: 14.303 Thread 0x0000000019606000 nmethod 4253 0x00000000038168d0 code [0x0000000003816a40, 0x0000000003816dd0]
Event: 14.303 Thread 0x0000000019606000 4254       3       org.apache.tomcat.util.bcel.classfile.RuntimeVisibleParameterAnnotations::<init> (12 bytes)
Event: 14.303 Thread 0x0000000019606000 nmethod 4254 0x00000000044c86d0 code [0x00000000044c8840, 0x00000000044c8a08]
Event: 14.303 Thread 0x0000000019606000 4255       3       org.apache.tomcat.util.bcel.classfile.ParameterAnnotations::<init> (70 bytes)
Event: 14.304 Thread 0x0000000019604800 4256       4       org.apache.tomcat.util.bcel.classfile.ClassParser::readFields (51 bytes)
Event: 14.304 Thread 0x0000000019606000 nmethod 4255 0x00000000044da9d0 code [0x00000000044dabc0, 0x00000000044db5e8]
Event: 14.318 Thread 0x0000000019604800 nmethod 4256 0x00000000044d9910 code [0x00000000044d9ac0, 0x00000000044da270]
Event: 14.388 Thread 0x0000000019604800 4257   !   4       org.apache.catalina.startup.ContextConfig::populateJavaClassCache (159 bytes)
Event: 14.556 Thread 0x0000000019606000 4259       3       org.apache.tomcat.util.bcel.classfile.Attribute::readAttribute (527 bytes)
Event: 14.559 Thread 0x0000000019606000 nmethod 4259 0x00000000044e6010 code [0x00000000044e6560, 0x00000000044e9978]

GC Heap History (10 events):
Event: 7.010 GC heap before
{Heap before GC invocations=6 (full 0):
 PSYoungGen      total 38400K, used 38392K [0x00000000d5d80000, 0x00000000db280000, 0x0000000100000000)
  eden space 33280K, 100% used [0x00000000d5d80000,0x00000000d7e00000,0x00000000d7e00000)
  from space 5120K, 99% used [0x00000000d7e00000,0x00000000d82fe030,0x00000000d8300000)
  to   space 10240K, 0% used [0x00000000da880000,0x00000000da880000,0x00000000db280000)
 ParOldGen       total 87552K, used 9969K [0x0000000081800000, 0x0000000086d80000, 0x00000000d5d80000)
  object space 87552K, 11% used [0x0000000081800000,0x00000000821bc540,0x0000000086d80000)
 Metaspace       used 16629K, capacity 17048K, committed 17280K, reserved 1064960K
  class space    used 1965K, capacity 2084K, committed 2176K, reserved 1048576K
Event: 7.033 GC heap after
Heap after GC invocations=6 (full 0):
 PSYoungGen      total 76800K, used 7524K [0x00000000d5d80000, 0x00000000db280000, 0x0000000100000000)
  eden space 66560K, 0% used [0x00000000d5d80000,0x00000000d5d80000,0x00000000d9e80000)
  from space 10240K, 73% used [0x00000000da880000,0x00000000dafd9080,0x00000000db280000)
  to   space 10240K, 0% used [0x00000000d9e80000,0x00000000d9e80000,0x00000000da880000)
 ParOldGen       total 87552K, used 9977K [0x0000000081800000, 0x0000000086d80000, 0x00000000d5d80000)
  object space 87552K, 11% used [0x0000000081800000,0x00000000821be540,0x0000000086d80000)
 Metaspace       used 16629K, capacity 17048K, committed 17280K, reserved 1064960K
  class space    used 1965K, capacity 2084K, committed 2176K, reserved 1048576K
}
Event: 10.120 GC heap before
{Heap before GC invocations=7 (full 0):
 PSYoungGen      total 76800K, used 74084K [0x00000000d5d80000, 0x00000000db280000, 0x0000000100000000)
  eden space 66560K, 100% used [0x00000000d5d80000,0x00000000d9e80000,0x00000000d9e80000)
  from space 10240K, 73% used [0x00000000da880000,0x00000000dafd9080,0x00000000db280000)
  to   space 10240K, 0% used [0x00000000d9e80000,0x00000000d9e80000,0x00000000da880000)
 ParOldGen       total 87552K, used 9977K [0x0000000081800000, 0x0000000086d80000, 0x00000000d5d80000)
  object space 87552K, 11% used [0x0000000081800000,0x00000000821be540,0x0000000086d80000)
 Metaspace       used 18995K, capacity 19518K, committed 19584K, reserved 1067008K
  class space    used 2230K, capacity 2399K, committed 2432K, reserved 1048576K
Event: 10.145 GC heap after
Heap after GC invocations=7 (full 0):
 PSYoungGen      total 76800K, used 10110K [0x00000000d5d80000, 0x00000000df580000, 0x0000000100000000)
  eden space 66560K, 0% used [0x00000000d5d80000,0x00000000d5d80000,0x00000000d9e80000)
  from space 10240K, 98% used [0x00000000d9e80000,0x00000000da85fa00,0x00000000da880000)
  to   space 11264K, 0% used [0x00000000dea80000,0x00000000dea80000,0x00000000df580000)
 ParOldGen       total 87552K, used 11649K [0x0000000081800000, 0x0000000086d80000, 0x00000000d5d80000)
  object space 87552K, 13% used [0x0000000081800000,0x00000000823605a0,0x0000000086d80000)
 Metaspace       used 18995K, capacity 19518K, committed 19584K, reserved 1067008K
  class space    used 2230K, capacity 2399K, committed 2432K, reserved 1048576K
}
Event: 10.559 GC heap before
{Heap before GC invocations=8 (full 0):
 PSYoungGen      total 76800K, used 22150K [0x00000000d5d80000, 0x00000000df580000, 0x0000000100000000)
  eden space 66560K, 18% used [0x00000000d5d80000,0x00000000d6941fc0,0x00000000d9e80000)
  from space 10240K, 98% used [0x00000000d9e80000,0x00000000da85fa00,0x00000000da880000)
  to   space 11264K, 0% used [0x00000000dea80000,0x00000000dea80000,0x00000000df580000)
 ParOldGen       total 87552K, used 11649K [0x0000000081800000, 0x0000000086d80000, 0x00000000d5d80000)
  object space 87552K, 13% used [0x0000000081800000,0x00000000823605a0,0x0000000086d80000)
 Metaspace       used 20709K, capacity 21214K, committed 21248K, reserved 1069056K
  class space    used 2412K, capacity 2559K, committed 2560K, reserved 1048576K
Event: 10.576 GC heap after
Heap after GC invocations=8 (full 0):
 PSYoungGen      total 143360K, used 6761K [0x00000000d5d80000, 0x00000000df480000, 0x0000000100000000)
  eden space 133120K, 0% used [0x00000000d5d80000,0x00000000d5d80000,0x00000000ddf80000)
  from space 10240K, 66% used [0x00000000dea80000,0x00000000df11a648,0x00000000df480000)
  to   space 10752K, 0% used [0x00000000ddf80000,0x00000000ddf80000,0x00000000dea00000)
 ParOldGen       total 87552K, used 14123K [0x0000000081800000, 0x0000000086d80000, 0x00000000d5d80000)
  object space 87552K, 16% used [0x0000000081800000,0x00000000825cade0,0x0000000086d80000)
 Metaspace       used 20709K, capacity 21214K, committed 21248K, reserved 1069056K
  class space    used 2412K, capacity 2559K, committed 2560K, reserved 1048576K
}
Event: 10.576 GC heap before
{Heap before GC invocations=9 (full 1):
 PSYoungGen      total 143360K, used 6761K [0x00000000d5d80000, 0x00000000df480000, 0x0000000100000000)
  eden space 133120K, 0% used [0x00000000d5d80000,0x00000000d5d80000,0x00000000ddf80000)
  from space 10240K, 66% used [0x00000000dea80000,0x00000000df11a648,0x00000000df480000)
  to   space 10752K, 0% used [0x00000000ddf80000,0x00000000ddf80000,0x00000000dea00000)
 ParOldGen       total 87552K, used 14123K [0x0000000081800000, 0x0000000086d80000, 0x00000000d5d80000)
  object space 87552K, 16% used [0x0000000081800000,0x00000000825cade0,0x0000000086d80000)
 Metaspace       used 20709K, capacity 21214K, committed 21248K, reserved 1069056K
  class space    used 2412K, capacity 2559K, committed 2560K, reserved 1048576K
Event: 10.717 GC heap after
Heap after GC invocations=9 (full 1):
 PSYoungGen      total 143360K, used 0K [0x00000000d5d80000, 0x00000000df480000, 0x0000000100000000)
  eden space 133120K, 0% used [0x00000000d5d80000,0x00000000d5d80000,0x00000000ddf80000)
  from space 10240K, 0% used [0x00000000dea80000,0x00000000dea80000,0x00000000df480000)
  to   space 10752K, 0% used [0x00000000ddf80000,0x00000000ddf80000,0x00000000dea00000)
 ParOldGen       total 67072K, used 16134K [0x0000000081800000, 0x0000000085980000, 0x00000000d5d80000)
  object space 67072K, 24% used [0x0000000081800000,0x00000000827c1ab8,0x0000000085980000)
 Metaspace       used 20709K, capacity 21214K, committed 21248K, reserved 1069056K
  class space    used 2412K, capacity 2559K, committed 2560K, reserved 1048576K
}
Event: 13.543 GC heap before
{Heap before GC invocations=10 (full 1):
 PSYoungGen      total 143360K, used 133120K [0x00000000d5d80000, 0x00000000df480000, 0x0000000100000000)
  eden space 133120K, 100% used [0x00000000d5d80000,0x00000000ddf80000,0x00000000ddf80000)
  from space 10240K, 0% used [0x00000000dea80000,0x00000000dea80000,0x00000000df480000)
  to   space 10752K, 0% used [0x00000000ddf80000,0x00000000ddf80000,0x00000000dea00000)
 ParOldGen       total 67072K, used 16134K [0x0000000081800000, 0x0000000085980000, 0x00000000d5d80000)
  object space 67072K, 24% used [0x0000000081800000,0x00000000827c1ab8,0x0000000085980000)
 Metaspace       used 24280K, capacity 24866K, committed 25088K, reserved 1071104K
  class space    used 2798K, capacity 2966K, committed 3072K, reserved 1048576K
Event: 13.599 GC heap after
Heap after GC invocations=10 (full 1):
 PSYoungGen      total 143872K, used 10729K [0x00000000d5d80000, 0x00000000df480000, 0x0000000100000000)
  eden space 133120K, 0% used [0x00000000d5d80000,0x00000000d5d80000,0x00000000ddf80000)
  from space 10752K, 99% used [0x00000000ddf80000,0x00000000de9fa4a0,0x00000000dea00000)
  to   space 10240K, 0% used [0x00000000dea80000,0x00000000dea80000,0x00000000df480000)
 ParOldGen       total 67072K, used 25683K [0x0000000081800000, 0x0000000085980000, 0x00000000d5d80000)
  object space 67072K, 38% used [0x0000000081800000,0x0000000083114fd0,0x0000000085980000)
 Metaspace       used 24280K, capacity 24866K, committed 25088K, reserved 1071104K
  class space    used 2798K, capacity 2966K, committed 3072K, reserved 1048576K
}

Deoptimization events (10 events):
Event: 11.900 Thread 0x000000001d8b0800 Uncommon trap: reason=speculate_class_check action=maybe_recompile pc=0x0000000003eb289c method=java.nio.charset.CharsetDecoder.reset()Ljava/nio/charset/CharsetDecoder; @ 1
Event: 11.915 Thread 0x000000001d8b0800 Uncommon trap: reason=unstable_if action=reinterpret pc=0x0000000004109a64 method=java.util.concurrent.ConcurrentHashMap.replaceNode(Ljava/lang/Object;Ljava/lang/Object;Ljava/lang/Object;)Ljava/lang/Object; @ 47
Event: 12.849 Thread 0x000000001d8b0800 Uncommon trap: reason=unstable_if action=reinterpret pc=0x00000000043c5bf8 method=java.io.DataInputStream.readUTF(Ljava/io/DataInput;)Ljava/lang/String; @ 112
Event: 12.877 Thread 0x000000001d8b0800 Uncommon trap: reason=unstable_if action=reinterpret pc=0x0000000004240648 method=org.codehaus.plexus.classworlds.realm.Entry.matches(Ljava/lang/String;)Z @ 209
Event: 12.992 Thread 0x000000001d8b0800 Uncommon trap: reason=unstable_if action=reinterpret pc=0x00000000043be620 method=org.apache.tomcat.util.bcel.classfile.ConstantUtf8$1.removeEldestEntry(Ljava/util/Map$Entry;)Z @ 7
Event: 13.059 Thread 0x000000001d8b0800 Uncommon trap: reason=unstable_if action=reinterpret pc=0x000000000425c520 method=java.util.HashMap.removeNode(ILjava/lang/Object;Ljava/lang/Object;ZZ)Ljava/util/HashMap$Node; @ 71
Event: 13.427 Thread 0x000000001d8b0800 Uncommon trap: reason=unstable_if action=reinterpret pc=0x000000000440360c method=java.util.LinkedHashMap.afterNodeAccess(Ljava/util/HashMap$Node;)V @ 41
Event: 13.616 Thread 0x000000001d8b0800 Uncommon trap: reason=unstable_if action=reinterpret pc=0x00000000044c93ac method=org.apache.catalina.startup.ContextConfig.getSCIsForClass(Ljava/lang/String;)Ljava/util/Set; @ 62
Event: 13.638 Thread 0x000000001d8b0800 Uncommon trap: reason=unloaded action=reinterpret pc=0x0000000004474ac8 method=org.apache.tomcat.util.bcel.classfile.Attribute.readAttribute(Ljava/io/DataInputStream;Lorg/apache/tomcat/util/bcel/classfile/ConstantPool;)Lorg/apache/tomcat/util/bcel/classfi
Event: 14.541 Thread 0x000000001d8b0800 Uncommon trap: reason=unloaded action=reinterpret pc=0x00000000044ddf90 method=org.apache.tomcat.util.bcel.classfile.Attribute.readAttribute(Ljava/io/DataInputStream;Lorg/apache/tomcat/util/bcel/classfile/ConstantPool;)Lorg/apache/tomcat/util/bcel/classfi

Classes redefined (0 events):
No events

Internal exceptions (10 events):
Event: 3.994 Thread 0x00000000035a2800 Implicit null exception at 0x0000000003ca0f07 to 0x0000000003ca1041
Event: 3.995 Thread 0x00000000035a2800 Implicit null exception at 0x0000000003b402d8 to 0x0000000003b40366
Event: 7.085 Thread 0x00000000035a2800 Implicit null exception at 0x0000000003cad077 to 0x0000000003caf655
Event: 7.682 Thread 0x00000000035a2800 Implicit null exception at 0x000000000403330d to 0x0000000004034e09
Event: 9.025 Thread 0x00000000035a2800 Exception <a 'java/io/FileNotFoundException'> (0x00000000d9b0cc40) thrown at [C:\re\workspace\8-2-build-windows-amd64-cygwin\jdk8u171\10807\hotspot\src\share\vm\prims\jni.cpp, line 709]
Event: 10.772 Thread 0x00000000035a2800 Implicit null exception at 0x000000000404cd0c to 0x000000000404d12d
Event: 11.489 Thread 0x000000001d8b0800 Implicit null exception at 0x00000000039c37d9 to 0x00000000039c3cc1
Event: 11.490 Thread 0x000000001d8b0800 Implicit null exception at 0x00000000038d7714 to 0x00000000038d7bb5
Event: 11.915 Thread 0x000000001d8b0800 Implicit null exception at 0x0000000004109395 to 0x0000000004109a21
Event: 13.427 Thread 0x000000001d8b0800 Implicit null exception at 0x00000000043fe550 to 0x00000000044035d5

Events (10 events):
Event: 13.641 Thread 0x000000001d8b0800 DEOPT UNPACKING pc=0x00000000036e7890 sp=0x0000000020c8caf8 mode 1
Event: 13.646 Thread 0x0000000019606000 flushing nmethod 0x0000000003d19c50
Event: 13.646 Thread 0x0000000019606000 flushing nmethod 0x0000000003d1b410
Event: 13.646 Thread 0x0000000019606000 flushing nmethod 0x0000000003d939d0
Event: 13.823 Thread 0x000000001d8b0800 DEOPT PACKING pc=0x0000000004083733 sp=0x0000000020c8d3b0
Event: 13.823 Thread 0x000000001d8b0800 DEOPT UNPACKING pc=0x00000000036e7890 sp=0x0000000020c8d0d0 mode 0
Event: 13.856 Thread 0x0000000019605800 flushing nmethod 0x0000000004081ed0
Event: 14.541 Thread 0x000000001d8b0800 Uncommon trap: trap_request=0x00000031 fr.pc=0x00000000044ddf90
Event: 14.541 Thread 0x000000001d8b0800 DEOPT PACKING pc=0x00000000044ddf90 sp=0x0000000020c8e470
Event: 14.541 Thread 0x000000001d8b0800 DEOPT UNPACKING pc=0x00000000036e583b sp=0x0000000020c8e470 mode 2


Dynamic libraries:
0x00007ff6a7770000 - 0x00007ff6a77a7000 	C:\Program Files\Java\jdk1.8.0_171\bin\java.exe
0x00007fff69b20000 - 0x00007fff69d0d000 	C:\Windows\SYSTEM32\ntdll.dll
0x00007fff66fa0000 - 0x00007fff67053000 	C:\Windows\System32\KERNEL32.DLL
0x00007fff665b0000 - 0x00007fff66843000 	C:\Windows\System32\KERNELBASE.dll
0x00007fff671c0000 - 0x00007fff67263000 	C:\Windows\System32\ADVAPI32.dll
0x00007fff67df0000 - 0x00007fff67e8e000 	C:\Windows\System32\msvcrt.dll
0x00007fff68150000 - 0x00007fff681ee000 	C:\Windows\System32\sechost.dll
0x00007fff68390000 - 0x00007fff684b2000 	C:\Windows\System32\RPCRT4.dll
0x00007fff681f0000 - 0x00007fff68387000 	C:\Windows\System32\USER32.dll
0x00007fff668b0000 - 0x00007fff668d0000 	C:\Windows\System32\win32u.dll
0x00007fff68120000 - 0x00007fff68149000 	C:\Windows\System32\GDI32.dll
0x00007fff66950000 - 0x00007fff66ae9000 	C:\Windows\System32\gdi32full.dll
0x00007fff66340000 - 0x00007fff663e0000 	C:\Windows\System32\msvcp_win.dll
0x00007fff664b0000 - 0x00007fff665aa000 	C:\Windows\System32\ucrtbase.dll
0x00007fff57810000 - 0x00007fff57a89000 	C:\Windows\WinSxS\amd64_microsoft.windows.common-controls_6595b64144ccf1df_6.0.17763.615_none_05b4414a072024d4\COMCTL32.dll
0x00007fff67270000 - 0x00007fff6759c000 	C:\Windows\System32\combase.dll
0x00007fff66af0000 - 0x00007fff66b6e000 	C:\Windows\System32\bcryptPrimitives.dll
0x00007fff66f60000 - 0x00007fff66f8e000 	C:\Windows\System32\IMM32.DLL
0x000000005d780000 - 0x000000005d852000 	C:\Program Files\Java\jdk1.8.0_171\jre\bin\msvcr100.dll
0x000000005cee0000 - 0x000000005d780000 	C:\Program Files\Java\jdk1.8.0_171\jre\bin\server\jvm.dll
0x00007fff67de0000 - 0x00007fff67de8000 	C:\Windows\System32\PSAPI.DLL
0x00007fff4ac00000 - 0x00007fff4ac09000 	C:\Windows\SYSTEM32\WSOCK32.dll
0x00007fff67d70000 - 0x00007fff67ddd000 	C:\Windows\System32\WS2_32.dll
0x00007fff63820000 - 0x00007fff63844000 	C:\Windows\SYSTEM32\WINMM.dll
0x00007fff637f0000 - 0x00007fff6381d000 	C:\Windows\SYSTEM32\winmmbase.dll
0x00007fff66900000 - 0x00007fff6694a000 	C:\Windows\System32\cfgmgr32.dll
0x00007fff553f0000 - 0x00007fff553fa000 	C:\Windows\SYSTEM32\VERSION.dll
0x000000005ced0000 - 0x000000005cedf000 	C:\Program Files\Java\jdk1.8.0_171\jre\bin\verify.dll
0x000000005cea0000 - 0x000000005cec9000 	C:\Program Files\Java\jdk1.8.0_171\jre\bin\java.dll
0x000000005a680000 - 0x000000005a6b5000 	C:\Program Files\Java\jdk1.8.0_171\jre\bin\jdwp.dll
0x000000005bf70000 - 0x000000005bf78000 	C:\Program Files\Java\jdk1.8.0_171\jre\bin\npt.dll
0x000000005a650000 - 0x000000005a673000 	C:\Program Files\Java\jdk1.8.0_171\jre\bin\instrument.dll
0x000000005ce80000 - 0x000000005ce96000 	C:\Program Files\Java\jdk1.8.0_171\jre\bin\zip.dll
0x00007fff68600000 - 0x00007fff69af0000 	C:\Windows\System32\SHELL32.dll
0x00007fff67e90000 - 0x00007fff67f38000 	C:\Windows\System32\shcore.dll
0x00007fff65bf0000 - 0x00007fff6633a000 	C:\Windows\System32\windows.storage.dll
0x00007fff65b40000 - 0x00007fff65b64000 	C:\Windows\System32\profapi.dll
0x00007fff65b70000 - 0x00007fff65bcd000 	C:\Windows\System32\powrprof.dll
0x00007fff66f00000 - 0x00007fff66f52000 	C:\Windows\System32\shlwapi.dll
0x00007fff65b20000 - 0x00007fff65b31000 	C:\Windows\System32\kernel.appcore.dll
0x00007fff663e0000 - 0x00007fff663f7000 	C:\Windows\System32\cryptsp.dll
0x000000005bf60000 - 0x000000005bf69000 	C:\Program Files\Java\jdk1.8.0_171\jre\bin\dt_socket.dll
0x00007fff65300000 - 0x00007fff65367000 	C:\Windows\system32\mswsock.dll
0x000000005ce30000 - 0x000000005ce4a000 	C:\Program Files\Java\jdk1.8.0_171\jre\bin\net.dll
0x000000005cdd0000 - 0x000000005cde1000 	C:\Program Files\Java\jdk1.8.0_171\jre\bin\nio.dll
0x00007fff64ec0000 - 0x00007fff64ef3000 	C:\Windows\system32\rsaenh.dll
0x00007fff668d0000 - 0x00007fff668f6000 	C:\Windows\System32\bcrypt.dll
0x00007fff65a20000 - 0x00007fff65a48000 	C:\Windows\SYSTEM32\USERENV.dll
0x00007fff654d0000 - 0x00007fff654dc000 	C:\Windows\SYSTEM32\CRYPTBASE.dll
0x00007fff65060000 - 0x00007fff6509d000 	C:\Windows\SYSTEM32\IPHLPAPI.DLL
0x00007fff685f0000 - 0x00007fff685f8000 	C:\Windows\System32\NSI.dll
0x00007fff58970000 - 0x00007fff58986000 	C:\Windows\SYSTEM32\dhcpcsvc6.DLL
0x00007fff58c30000 - 0x00007fff58c4c000 	C:\Windows\SYSTEM32\dhcpcsvc.DLL
0x00007fff650a0000 - 0x00007fff65166000 	C:\Windows\SYSTEM32\DNSAPI.dll
0x000000005cba0000 - 0x000000005cbad000 	C:\Program Files\Java\jdk1.8.0_171\jre\bin\management.dll

VM Arguments:
jvm_args: -agentlib:jdwp=transport=dt_socket,address=127.0.0.1:2782,suspend=y,server=n -Dmaven.multiModuleProjectDirectory=F:\DarkHorse\pygproject\pinyougou\pinyougou-portal-web -DarchetypeCatalog=internal -Dmaven.home=D:\apache-maven-3.3.9\apache-maven-3.3.9 -Dclassworlds.conf=D:\apache-maven-3.3.9\apache-maven-3.3.9\bin\m2.conf -javaagent:C:\Users\LeonLai\.IntelliJIdea2019.1\system\captureAgent\debugger-agent.jar -Dfile.encoding=UTF-8 
java_command: org.codehaus.classworlds.Launcher -Didea.version2019.1 -s D:\apache-maven-3.3.9\apache-maven-3.3.9\conf\settings.xml -Dmaven.repo.local=C:\webServer\repository tomcat7:run
java_class_path (initial): D:\apache-maven-3.3.9\apache-maven-3.3.9\boot\plexus-classworlds-2.5.2.jar;C:\ideaIU_2019.1\IntelliJ IDEA 2019.1\lib\idea_rt.jar;C:\Users\LeonLai\.IntelliJIdea2019.1\system\captureAgent\debugger-agent.jar
Launcher Type: SUN_STANDARD

Environment Variables:
JAVA_HOME=C:\Program Files\Java\jdk1.8.0_171
PATH=D:\apache-maven-3.3.9\apache-maven-3.3.9\\bin;C:\Program Files\Java\jdk1.8.0_171\bin;C:\Windows\system32;C:\Windows;C:\Windows\System32\Wbem;C:\Windows\System32\WindowsPowerShell\v1.0\;C:\Windows\System32\OpenSSH\;D:\mysql-5.6.22-win32\bin;C:\Software\VisualSVNServer\bin;C:\Software\TortoiseSVN\bin;C:\Software\Nodejs\;C:\Software\Git\Git\cmd;C:\Software\TortoiseGit\bin;C:\Users\LeonLai\AppData\Local\Microsoft\WindowsApps;;D:\Fillder\Fiddler;C:\Users\LeonLai\AppData\Roaming\npm
USERNAME=LeonLai
OS=Windows_NT
PROCESSOR_IDENTIFIER=Intel64 Family 6 Model 61 Stepping 4, GenuineIntel



---------------  S Y S T E M  ---------------

OS: Windows 10.0 , 64 bit Build 17763 (10.0.17763.475)

CPU:total 4 (initial active 4) (2 cores per cpu, 2 threads per core) family 6 model 61 stepping 4, cmov, cx8, fxsr, mmx, sse, sse2, sse3, ssse3, sse4.1, sse4.2, popcnt, avx, avx2, aes, clmul, erms, 3dnowpref, lzcnt, ht, tsc, tscinvbit, bmi1, bmi2, adx

Memory: 4k page, physical 8288672k(227284k free), swap 17934108k(5184k free)

vm_info: Java HotSpot(TM) 64-Bit Server VM (25.171-b11) for windows-amd64 JRE (1.8.0_171-b11), built on Mar 28 2018 16:06:12 by "java_re" with MS VC++ 10.0 (VS2010)

time: Mon Jul 22 09:33:48 2019
elapsed time: 14 seconds (0d 0h 0m 14s)

