#
# There is insufficient memory for the Java Runtime Environment to continue.
# Native memory allocation (malloc) failed to allocate 90256 bytes for Chunk::new
# Possible reasons:
#   The system is out of physical RAM or swap space
#   In 32 bit mode, the process size limit was hit
# Possible solutions:
#   Reduce memory load on the system
#   Increase physical memory or swap space
#   Check if swap backing store is full
#   Use 64 bit Java on a 64 bit OS
#   Decrease Java heap size (-Xmx/-Xms)
#   Decrease number of Java threads
#   Decrease Java thread stack sizes (-Xss)
#   Set larger code cache with -XX:ReservedCodeCacheSize=
# This output file may be truncated or incomplete.
#
#  Out of Memory Error (allocation.cpp:390), pid=1128, tid=0x0000000000004748
#
# JRE version: Java(TM) SE Runtime Environment (8.0_171-b11) (build 1.8.0_171-b11)
# Java VM: Java HotSpot(TM) 64-Bit Server VM (25.171-b11 mixed mode windows-amd64 compressed oops)
# Failed to write core dump. Minidumps are not enabled by default on client versions of Windows
#

---------------  T H R E A D  ---------------

Current thread (0x0000000019058800):  JavaThread "C2 CompilerThread0" daemon [_thread_in_native, id=18248, stack(0x00000000198f0000,0x00000000199f0000)]

Stack: [0x00000000198f0000,0x00000000199f0000]
[error occurred during error reporting (printing stack bounds), id 0xc0000005]

Native frames: (J=compiled Java code, j=interpreted, Vv=VM code, C=native code)


Current CompileTask:
C2:   6495 2123       4       java.lang.AbstractStringBuilder::append (144 bytes)


---------------  P R O C E S S  ---------------

Java Threads: ( => current thread )
  0x00000000190f3000 JavaThread "Service Thread" daemon [_thread_blocked, id=9220, stack(0x0000000019bf0000,0x0000000019cf0000)]
  0x0000000019077000 JavaThread "C1 CompilerThread2" daemon [_thread_blocked, id=12156, stack(0x0000000019af0000,0x0000000019bf0000)]
  0x0000000019073800 JavaThread "C2 CompilerThread1" daemon [_thread_in_native, id=16952, stack(0x00000000199f0000,0x0000000019af0000)]
=>0x0000000019058800 JavaThread "C2 CompilerThread0" daemon [_thread_in_native, id=18248, stack(0x00000000198f0000,0x00000000199f0000)]
  0x0000000019019800 JavaThread "JDWP Command Reader" daemon [_thread_in_native, id=19092, stack(0x00000000197f0000,0x00000000198f0000)]
  0x000000001900b800 JavaThread "JDWP Event Helper Thread" daemon [_thread_blocked, id=20516, stack(0x00000000196f0000,0x00000000197f0000)]
  0x0000000018ffd000 JavaThread "JDWP Transport Listener: dt_socket" daemon [_thread_blocked, id=19828, stack(0x00000000195f0000,0x00000000196f0000)]
  0x0000000017c9a800 JavaThread "Attach Listener" daemon [_thread_blocked, id=14876, stack(0x00000000194f0000,0x00000000195f0000)]
  0x0000000018ff8800 JavaThread "Signal Dispatcher" daemon [_thread_blocked, id=16684, stack(0x00000000193f0000,0x00000000194f0000)]
  0x000000000314e800 JavaThread "Finalizer" daemon [_thread_blocked, id=16016, stack(0x0000000018ef0000,0x0000000018ff0000)]
  0x0000000003143800 JavaThread "Reference Handler" daemon [_thread_blocked, id=15200, stack(0x0000000018df0000,0x0000000018ef0000)]
  0x0000000003052800 JavaThread "main" [_thread_in_native, id=21272, stack(0x0000000002da0000,0x0000000002ea0000)]

Other Threads:
  0x0000000017c67800 VMThread [stack: 0x0000000018cf0000,0x0000000018df0000] [id=7332]
  0x000000001911a800 WatcherThread [stack: 0x0000000019cf0000,0x0000000019df0000] [id=9948]

VM state:not at safepoint (normal execution)

VM Mutex/Monitor currently owned by a thread: None

Heap:
 PSYoungGen      total 38400K, used 25709K [0x00000000d5d80000, 0x00000000d8800000, 0x0000000100000000)
  eden space 33280K, 61% used [0x00000000d5d80000,0x00000000d71a26c0,0x00000000d7e00000)
  from space 5120K, 99% used [0x00000000d7e00000,0x00000000d82f8e78,0x00000000d8300000)
  to   space 5120K, 0% used [0x00000000d8300000,0x00000000d8300000,0x00000000d8800000)
 ParOldGen       total 87552K, used 3599K [0x0000000081800000, 0x0000000086d80000, 0x00000000d5d80000)
  object space 87552K, 4% used [0x0000000081800000,0x0000000081b83f40,0x0000000086d80000)
 Metaspace       used 15454K, capacity 15758K, committed 15872K, reserved 1062912K
  class space    used 1868K, capacity 1977K, committed 2048K, reserved 1048576K

Card table byte_map: [0x0000000012510000,0x0000000012910000] byte_map_base: 0x0000000012104000

Marking Bits: (ParMarkBitMap*) 0x000000005d7008c0
 Begin Bits: [0x0000000012fc0000, 0x0000000014f60000)
 End Bits:   [0x0000000014f60000, 0x0000000016f00000)

Polling page: 0x0000000000c50000

CodeCache: size=245760Kb used=7516Kb max_used=7521Kb free=238243Kb
 bounds [0x0000000003150000, 0x00000000038c0000, 0x0000000012150000]
 total_blobs=2459 nmethods=2121 adapters=257
 compilation: enabled

Compilation events (10 events):
Event: 6.482 Thread 0x0000000019058800 nmethod 2121 0x00000000038a9190 code [0x00000000038a9300, 0x00000000038a9548]
Event: 6.482 Thread 0x0000000019058800 2120       4       java.util.ArrayList::<init> (61 bytes)
Event: 6.484 Thread 0x0000000019058800 nmethod 2120 0x00000000038b0150 code [0x00000000038b02a0, 0x00000000038b0418]
Event: 6.484 Thread 0x0000000019058800 2123       4       java.lang.AbstractStringBuilder::append (144 bytes)
Event: 6.487 Thread 0x0000000019077000 2126       3       org.apache.maven.model.building.DefaultModelProblemCollector::setSource (23 bytes)
Event: 6.487 Thread 0x0000000019077000 nmethod 2126 0x00000000038a8dd0 code [0x00000000038a8f20, 0x00000000038a90f0]
Event: 6.489 Thread 0x0000000019077000 2127       1       java.util.Collections::emptyList (4 bytes)
Event: 6.489 Thread 0x0000000019077000 nmethod 2127 0x00000000038ab6d0 code [0x00000000038ab820, 0x00000000038ab910]
Event: 6.491 Thread 0x0000000019077000 2128       3       org.eclipse.aether.graph.Dependency$Exclusions::<init> (53 bytes)
Event: 6.492 Thread 0x0000000019077000 nmethod 2128 0x00000000038ad6d0 code [0x00000000038ad920, 0x00000000038ae698]

GC Heap History (6 events):
Event: 2.406 GC heap before
{Heap before GC invocations=1 (full 0):
 PSYoungGen      total 38400K, used 33280K [0x00000000d5d80000, 0x00000000d8800000, 0x0000000100000000)
  eden space 33280K, 100% used [0x00000000d5d80000,0x00000000d7e00000,0x00000000d7e00000)
  from space 5120K, 0% used [0x00000000d8300000,0x00000000d8300000,0x00000000d8800000)
  to   space 5120K, 0% used [0x00000000d7e00000,0x00000000d7e00000,0x00000000d8300000)
 ParOldGen       total 87552K, used 0K [0x0000000081800000, 0x0000000086d80000, 0x00000000d5d80000)
  object space 87552K, 0% used [0x0000000081800000,0x0000000081800000,0x0000000086d80000)
 Metaspace       used 7967K, capacity 8220K, committed 8448K, reserved 1056768K
  class space    used 970K, capacity 1020K, committed 1024K, reserved 1048576K
Event: 2.414 GC heap after
Heap after GC invocations=1 (full 0):
 PSYoungGen      total 38400K, used 4755K [0x00000000d5d80000, 0x00000000d8800000, 0x0000000100000000)
  eden space 33280K, 0% used [0x00000000d5d80000,0x00000000d5d80000,0x00000000d7e00000)
  from space 5120K, 92% used [0x00000000d7e00000,0x00000000d82a4c78,0x00000000d8300000)
  to   space 5120K, 0% used [0x00000000d8300000,0x00000000d8300000,0x00000000d8800000)
 ParOldGen       total 87552K, used 8K [0x0000000081800000, 0x0000000086d80000, 0x00000000d5d80000)
  object space 87552K, 0% used [0x0000000081800000,0x0000000081802000,0x0000000086d80000)
 Metaspace       used 7967K, capacity 8220K, committed 8448K, reserved 1056768K
  class space    used 970K, capacity 1020K, committed 1024K, reserved 1048576K
}
Event: 3.481 GC heap before
{Heap before GC invocations=2 (full 0):
 PSYoungGen      total 38400K, used 38035K [0x00000000d5d80000, 0x00000000d8800000, 0x0000000100000000)
  eden space 33280K, 100% used [0x00000000d5d80000,0x00000000d7e00000,0x00000000d7e00000)
  from space 5120K, 92% used [0x00000000d7e00000,0x00000000d82a4c78,0x00000000d8300000)
  to   space 5120K, 0% used [0x00000000d8300000,0x00000000d8300000,0x00000000d8800000)
 ParOldGen       total 87552K, used 8K [0x0000000081800000, 0x0000000086d80000, 0x00000000d5d80000)
  object space 87552K, 0% used [0x0000000081800000,0x0000000081802000,0x0000000086d80000)
 Metaspace       used 10981K, capacity 11230K, committed 11520K, reserved 1058816K
  class space    used 1361K, capacity 1447K, committed 1536K, reserved 1048576K
Event: 3.491 GC heap after
Heap after GC invocations=2 (full 0):
 PSYoungGen      total 38400K, used 5097K [0x00000000d5d80000, 0x00000000d8800000, 0x0000000100000000)
  eden space 33280K, 0% used [0x00000000d5d80000,0x00000000d5d80000,0x00000000d7e00000)
  from space 5120K, 99% used [0x00000000d8300000,0x00000000d87fa7e8,0x00000000d8800000)
  to   space 5120K, 0% used [0x00000000d7e00000,0x00000000d7e00000,0x00000000d8300000)
 ParOldGen       total 87552K, used 1038K [0x0000000081800000, 0x0000000086d80000, 0x00000000d5d80000)
  object space 87552K, 1% used [0x0000000081800000,0x00000000819038a8,0x0000000086d80000)
 Metaspace       used 10981K, capacity 11230K, committed 11520K, reserved 1058816K
  class space    used 1361K, capacity 1447K, committed 1536K, reserved 1048576K
}
Event: 5.467 GC heap before
{Heap before GC invocations=3 (full 0):
 PSYoungGen      total 38400K, used 38377K [0x00000000d5d80000, 0x00000000d8800000, 0x0000000100000000)
  eden space 33280K, 100% used [0x00000000d5d80000,0x00000000d7e00000,0x00000000d7e00000)
  from space 5120K, 99% used [0x00000000d8300000,0x00000000d87fa7e8,0x00000000d8800000)
  to   space 5120K, 0% used [0x00000000d7e00000,0x00000000d7e00000,0x00000000d8300000)
 ParOldGen       total 87552K, used 1038K [0x0000000081800000, 0x0000000086d80000, 0x00000000d5d80000)
  object space 87552K, 1% used [0x0000000081800000,0x00000000819038a8,0x0000000086d80000)
 Metaspace       used 15081K, capacity 15434K, committed 15616K, reserved 1062912K
  class space    used 1836K, capacity 1939K, committed 2048K, reserved 1048576K
Event: 5.490 GC heap after
Heap after GC invocations=3 (full 0):
 PSYoungGen      total 38400K, used 5091K [0x00000000d5d80000, 0x00000000d8800000, 0x0000000100000000)
  eden space 33280K, 0% used [0x00000000d5d80000,0x00000000d5d80000,0x00000000d7e00000)
  from space 5120K, 99% used [0x00000000d7e00000,0x00000000d82f8e78,0x00000000d8300000)
  to   space 5120K, 0% used [0x00000000d8300000,0x00000000d8300000,0x00000000d8800000)
 ParOldGen       total 87552K, used 3599K [0x0000000081800000, 0x0000000086d80000, 0x00000000d5d80000)
  object space 87552K, 4% used [0x0000000081800000,0x0000000081b83f40,0x0000000086d80000)
 Metaspace       used 15081K, capacity 15434K, committed 15616K, reserved 1062912K
  class space    used 1836K, capacity 1939K, committed 2048K, reserved 1048576K
}

Deoptimization events (10 events):
Event: 5.349 Thread 0x0000000003052800 Uncommon trap: reason=unstable_if action=reinterpret pc=0x000000000372faf4 method=sun.nio.cs.UTF_8$Decoder.decodeArrayLoop(Ljava/nio/ByteBuffer;Ljava/nio/CharBuffer;)Ljava/nio/charset/CoderResult; @ 167
Event: 5.457 Thread 0x0000000003052800 Uncommon trap: reason=unstable_if action=reinterpret pc=0x0000000003771a00 method=org.codehaus.plexus.util.xml.pull.MXParser.nextImpl()I @ 555
Event: 5.556 Thread 0x0000000003052800 Uncommon trap: reason=unstable_if action=reinterpret pc=0x000000000379e648 method=java.lang.String.trim()Ljava/lang/String; @ 63
Event: 5.605 Thread 0x0000000003052800 Uncommon trap: reason=null_check action=make_not_entrant pc=0x00000000037ba9cc method=org.apache.maven.model.io.xpp3.MavenXpp3Reader.checkFieldWithDuplicate(Lorg/codehaus/plexus/util/xml/pull/XmlPullParser;Ljava/lang/String;Ljava/lang/String;Ljava/util/Se
Event: 5.788 Thread 0x0000000003052800 Uncommon trap: reason=unstable_if action=reinterpret pc=0x00000000035388c0 method=java.util.HashMap.hash(Ljava/lang/Object;)I @ 1
Event: 5.788 Thread 0x0000000003052800 Uncommon trap: reason=unstable_if action=reinterpret pc=0x00000000034ef42c method=java.util.HashMap.hash(Ljava/lang/Object;)I @ 1
Event: 5.867 Thread 0x0000000003052800 Uncommon trap: reason=unstable_if action=reinterpret pc=0x000000000375c120 method=java.util.HashMap.hash(Ljava/lang/Object;)I @ 1
Event: 5.867 Thread 0x0000000003052800 Uncommon trap: reason=unstable_if action=reinterpret pc=0x00000000035ebe30 method=java.util.HashMap.hash(Ljava/lang/Object;)I @ 1
Event: 6.108 Thread 0x0000000003052800 Uncommon trap: reason=predicate action=maybe_recompile pc=0x00000000033fda48 method=java.nio.charset.CharsetDecoder.decode(Ljava/nio/ByteBuffer;Ljava/nio/CharBuffer;Z)Ljava/nio/charset/CoderResult; @ 54
Event: 6.477 Thread 0x0000000003052800 Uncommon trap: reason=bimorphic action=maybe_recompile pc=0x00000000037233c0 method=java.util.concurrent.ConcurrentHashMap.get(Ljava/lang/Object;)Ljava/lang/Object; @ 149

Classes redefined (0 events):
No events

Internal exceptions (10 events):
Event: 4.802 Thread 0x0000000003052800 Exception <a 'java/lang/NullPointerException'> (0x00000000d7419da0) thrown at [C:\re\workspace\8-2-build-windows-amd64-cygwin\jdk8u171\10807\hotspot\src\share\vm\interpreter\linkResolver.cpp, line 1185]
Event: 4.802 Thread 0x0000000003052800 Exception <a 'java/lang/NullPointerException'> (0x00000000d7419fb8) thrown at [C:\re\workspace\8-2-build-windows-amd64-cygwin\jdk8u171\10807\hotspot\src\share\vm\interpreter\linkResolver.cpp, line 1185]
Event: 4.807 Thread 0x0000000003052800 Exception <a 'java/lang/NullPointerException'> (0x00000000d7430368) thrown at [C:\re\workspace\8-2-build-windows-amd64-cygwin\jdk8u171\10807\hotspot\src\share\vm\interpreter\linkResolver.cpp, line 1185]
Event: 4.807 Thread 0x0000000003052800 Exception <a 'java/lang/NullPointerException'> (0x00000000d7430580) thrown at [C:\re\workspace\8-2-build-windows-amd64-cygwin\jdk8u171\10807\hotspot\src\share\vm\interpreter\linkResolver.cpp, line 1185]
Event: 4.807 Thread 0x0000000003052800 Exception <a 'java/lang/NullPointerException'> (0x00000000d7430798) thrown at [C:\re\workspace\8-2-build-windows-amd64-cygwin\jdk8u171\10807\hotspot\src\share\vm\interpreter\linkResolver.cpp, line 1185]
Event: 5.604 Thread 0x0000000003052800 Implicit null exception at 0x00000000037ba1cb to 0x00000000037ba9b1
Event: 5.788 Thread 0x0000000003052800 Implicit null exception at 0x0000000003538614 to 0x00000000035388a9
Event: 5.788 Thread 0x0000000003052800 Implicit null exception at 0x00000000034ef3af to 0x00000000034ef41d
Event: 5.867 Thread 0x0000000003052800 Implicit null exception at 0x000000000375bfc7 to 0x000000000375c101
Event: 5.867 Thread 0x0000000003052800 Implicit null exception at 0x00000000035ebd98 to 0x00000000035ebe26

Events (10 events):
Event: 6.147 Thread 0x0000000003052800 DEOPT UNPACKING pc=0x0000000003197890 sp=0x0000000002e9bee8 mode 1
Event: 6.147 Thread 0x0000000003052800 DEOPT PACKING pc=0x0000000003362a21 sp=0x0000000002e9c260
Event: 6.147 Thread 0x0000000003052800 DEOPT UNPACKING pc=0x0000000003197890 sp=0x0000000002e9bfa0 mode 1
Event: 6.147 Thread 0x0000000003052800 DEOPT PACKING pc=0x00000000033360f4 sp=0x0000000002e9c380
Event: 6.147 Thread 0x0000000003052800 DEOPT UNPACKING pc=0x0000000003197890 sp=0x0000000002e9c018 mode 1
Event: 6.243 Thread 0x0000000003052800 DEOPT PACKING pc=0x00000000036f5afd sp=0x0000000002e9c590
Event: 6.243 Thread 0x0000000003052800 DEOPT UNPACKING pc=0x0000000003197890 sp=0x0000000002e9c338 mode 0
Event: 6.477 Thread 0x0000000003052800 Uncommon trap: trap_request=0xffffffc6 fr.pc=0x00000000037233c0
Event: 6.477 Thread 0x0000000003052800 DEOPT PACKING pc=0x00000000037233c0 sp=0x0000000002e9ccf0
Event: 6.477 Thread 0x0000000003052800 DEOPT UNPACKING pc=0x000000000319583b sp=0x0000000002e9cc88 mode 2


Dynamic libraries:
0x00007ff6a7770000 - 0x00007ff6a77a7000 	C:\Program Files\Java\jdk1.8.0_171\bin\java.exe
0x00007fff69b20000 - 0x00007fff69d0d000 	C:\Windows\SYSTEM32\ntdll.dll
0x00007fff66fa0000 - 0x00007fff67053000 	C:\Windows\System32\KERNEL32.DLL
0x00007fff665b0000 - 0x00007fff66843000 	C:\Windows\System32\KERNELBASE.dll
0x00007fff671c0000 - 0x00007fff67263000 	C:\Windows\System32\ADVAPI32.dll
0x00007fff67df0000 - 0x00007fff67e8e000 	C:\Windows\System32\msvcrt.dll
0x00007fff68150000 - 0x00007fff681ee000 	C:\Windows\System32\sechost.dll
0x00007fff68390000 - 0x00007fff684b2000 	C:\Windows\System32\RPCRT4.dll
0x00007fff681f0000 - 0x00007fff68387000 	C:\Windows\System32\USER32.dll
0x00007fff668b0000 - 0x00007fff668d0000 	C:\Windows\System32\win32u.dll
0x00007fff68120000 - 0x00007fff68149000 	C:\Windows\System32\GDI32.dll
0x00007fff66950000 - 0x00007fff66ae9000 	C:\Windows\System32\gdi32full.dll
0x00007fff66340000 - 0x00007fff663e0000 	C:\Windows\System32\msvcp_win.dll
0x00007fff664b0000 - 0x00007fff665aa000 	C:\Windows\System32\ucrtbase.dll
0x00007fff57810000 - 0x00007fff57a89000 	C:\Windows\WinSxS\amd64_microsoft.windows.common-controls_6595b64144ccf1df_6.0.17763.615_none_05b4414a072024d4\COMCTL32.dll
0x00007fff67270000 - 0x00007fff6759c000 	C:\Windows\System32\combase.dll
0x00007fff66af0000 - 0x00007fff66b6e000 	C:\Windows\System32\bcryptPrimitives.dll
0x00007fff66f60000 - 0x00007fff66f8e000 	C:\Windows\System32\IMM32.DLL
0x000000005d780000 - 0x000000005d852000 	C:\Program Files\Java\jdk1.8.0_171\jre\bin\msvcr100.dll
0x000000005cee0000 - 0x000000005d780000 	C:\Program Files\Java\jdk1.8.0_171\jre\bin\server\jvm.dll
0x00007fff67de0000 - 0x00007fff67de8000 	C:\Windows\System32\PSAPI.DLL
0x00007fff4ac00000 - 0x00007fff4ac09000 	C:\Windows\SYSTEM32\WSOCK32.dll
0x00007fff553f0000 - 0x00007fff553fa000 	C:\Windows\SYSTEM32\VERSION.dll
0x00007fff63820000 - 0x00007fff63844000 	C:\Windows\SYSTEM32\WINMM.dll
0x00007fff67d70000 - 0x00007fff67ddd000 	C:\Windows\System32\WS2_32.dll
0x00007fff637f0000 - 0x00007fff6381d000 	C:\Windows\SYSTEM32\winmmbase.dll
0x00007fff66900000 - 0x00007fff6694a000 	C:\Windows\System32\cfgmgr32.dll
0x000000005ced0000 - 0x000000005cedf000 	C:\Program Files\Java\jdk1.8.0_171\jre\bin\verify.dll
0x000000005cea0000 - 0x000000005cec9000 	C:\Program Files\Java\jdk1.8.0_171\jre\bin\java.dll
0x000000005a680000 - 0x000000005a6b5000 	C:\Program Files\Java\jdk1.8.0_171\jre\bin\jdwp.dll
0x000000005bf70000 - 0x000000005bf78000 	C:\Program Files\Java\jdk1.8.0_171\jre\bin\npt.dll
0x000000005a650000 - 0x000000005a673000 	C:\Program Files\Java\jdk1.8.0_171\jre\bin\instrument.dll
0x000000005ce80000 - 0x000000005ce96000 	C:\Program Files\Java\jdk1.8.0_171\jre\bin\zip.dll
0x00007fff68600000 - 0x00007fff69af0000 	C:\Windows\System32\SHELL32.dll
0x00007fff67e90000 - 0x00007fff67f38000 	C:\Windows\System32\shcore.dll
0x00007fff65bf0000 - 0x00007fff6633a000 	C:\Windows\System32\windows.storage.dll
0x00007fff65b40000 - 0x00007fff65b64000 	C:\Windows\System32\profapi.dll
0x00007fff65b70000 - 0x00007fff65bcd000 	C:\Windows\System32\powrprof.dll
0x00007fff66f00000 - 0x00007fff66f52000 	C:\Windows\System32\shlwapi.dll
0x00007fff65b20000 - 0x00007fff65b31000 	C:\Windows\System32\kernel.appcore.dll
0x00007fff663e0000 - 0x00007fff663f7000 	C:\Windows\System32\cryptsp.dll
0x000000005bf60000 - 0x000000005bf69000 	C:\Program Files\Java\jdk1.8.0_171\jre\bin\dt_socket.dll
0x00007fff65300000 - 0x00007fff65367000 	C:\Windows\system32\mswsock.dll
0x000000005ce30000 - 0x000000005ce4a000 	C:\Program Files\Java\jdk1.8.0_171\jre\bin\net.dll
0x000000005cdd0000 - 0x000000005cde1000 	C:\Program Files\Java\jdk1.8.0_171\jre\bin\nio.dll

VM Arguments:
jvm_args: -agentlib:jdwp=transport=dt_socket,address=127.0.0.1:4666,suspend=y,server=n -Dmaven.multiModuleProjectDirectory=F:\DarkHorse\pygproject\pinyougou\pinyougou-shop-web -DarchetypeCatalog=internal -Dmaven.home=D:\apache-maven-3.3.9\apache-maven-3.3.9 -Dclassworlds.conf=D:\apache-maven-3.3.9\apache-maven-3.3.9\bin\m2.conf -javaagent:C:\Users\LeonLai\.IntelliJIdea2019.1\system\captureAgent\debugger-agent.jar -Dfile.encoding=UTF-8 
java_command: org.codehaus.classworlds.Launcher -Didea.version2019.1 -s D:\apache-maven-3.3.9\apache-maven-3.3.9\conf\settings.xml -Dmaven.repo.local=C:\webServer\repository tomcat7:run
java_class_path (initial): D:\apache-maven-3.3.9\apache-maven-3.3.9\boot\plexus-classworlds-2.5.2.jar;C:\ideaIU_2019.1\IntelliJ IDEA 2019.1\lib\idea_rt.jar;C:\Users\LeonLai\.IntelliJIdea2019.1\system\captureAgent\debugger-agent.jar
Launcher Type: SUN_STANDARD

Environment Variables:
JAVA_HOME=C:\Program Files\Java\jdk1.8.0_171
PATH=D:\apache-maven-3.3.9\apache-maven-3.3.9\\bin;C:\Program Files\Java\jdk1.8.0_171\bin;C:\Windows\system32;C:\Windows;C:\Windows\System32\Wbem;C:\Windows\System32\WindowsPowerShell\v1.0\;C:\Windows\System32\OpenSSH\;D:\mysql-5.6.22-win32\bin;C:\Software\VisualSVNServer\bin;C:\Software\TortoiseSVN\bin;C:\Software\Nodejs\;C:\Software\Git\Git\cmd;C:\Software\TortoiseGit\bin;C:\Users\LeonLai\AppData\Local\Microsoft\WindowsApps;;D:\Fillder\Fiddler;C:\Users\LeonLai\AppData\Roaming\npm
USERNAME=LeonLai
OS=Windows_NT
PROCESSOR_IDENTIFIER=Intel64 Family 6 Model 61 Stepping 4, GenuineIntel



---------------  S Y S T E M  ---------------

OS: Windows 10.0 , 64 bit Build 17763 (10.0.17763.475)

CPU:total 4 (initial active 4) (2 cores per cpu, 2 threads per core) family 6 model 61 stepping 4, cmov, cx8, fxsr, mmx, sse, sse2, sse3, ssse3, sse4.1, sse4.2, popcnt, avx, avx2, aes, clmul, erms, 3dnowpref, lzcnt, ht, tsc, tscinvbit, bmi1, bmi2, adx

Memory: 4k page, physical 8288672k(127608k free), swap 17934108k(5144k free)

vm_info: Java HotSpot(TM) 64-Bit Server VM (25.171-b11) for windows-amd64 JRE (1.8.0_171-b11), built on Mar 28 2018 16:06:12 by "java_re" with MS VC++ 10.0 (VS2010)

time: Mon Jul 22 11:18:12 2019
elapsed time: 6 seconds (0d 0h 0m 6s)

