#
# There is insufficient memory for the Java Runtime Environment to continue.
# Native memory allocation (malloc) failed to allocate 1488160 bytes for Chunk::new
# Possible reasons:
#   The system is out of physical RAM or swap space
#   In 32 bit mode, the process size limit was hit
# Possible solutions:
#   Reduce memory load on the system
#   Increase physical memory or swap space
#   Check if swap backing store is full
#   Use 64 bit Java on a 64 bit OS
#   Decrease Java heap size (-Xmx/-Xms)
#   Decrease number of Java threads
#   Decrease Java thread stack sizes (-Xss)
#   Set larger code cache with -XX:ReservedCodeCacheSize=
# This output file may be truncated or incomplete.
#
#  Out of Memory Error (allocation.cpp:390), pid=18092, tid=0x0000000000004ec0
#
# JRE version: Java(TM) SE Runtime Environment (8.0_171-b11) (build 1.8.0_171-b11)
# Java VM: Java HotSpot(TM) 64-Bit Server VM (25.171-b11 mixed mode windows-amd64 compressed oops)
# Failed to write core dump. Minidumps are not enabled by default on client versions of Windows
#

---------------  T H R E A D  ---------------

Current thread (0x0000000018913000):  JavaThread "C2 CompilerThread0" daemon [_thread_in_native, id=20160, stack(0x0000000019190000,0x0000000019290000)]

Stack: [0x0000000019190000,0x0000000019290000]
[error occurred during error reporting (printing stack bounds), id 0xc0000005]

Native frames: (J=compiled Java code, j=interpreted, Vv=VM code, C=native code)


Current CompileTask:
C2:   7235 2380   !   4       org.codehaus.plexus.interpolation.StringSearchInterpolator::interpolate (655 bytes)


---------------  P R O C E S S  ---------------

Java Threads: ( => current thread )
  0x000000001898b000 JavaThread "Service Thread" daemon [_thread_blocked, id=16776, stack(0x0000000019490000,0x0000000019590000)]
  0x000000001891c800 JavaThread "C1 CompilerThread2" daemon [_thread_blocked, id=19260, stack(0x0000000019390000,0x0000000019490000)]
  0x0000000018914000 JavaThread "C2 CompilerThread1" daemon [_thread_in_native, id=15712, stack(0x0000000019290000,0x0000000019390000)]
=>0x0000000018913000 JavaThread "C2 CompilerThread0" daemon [_thread_in_native, id=20160, stack(0x0000000019190000,0x0000000019290000)]
  0x00000000188af000 JavaThread "JDWP Command Reader" daemon [_thread_in_native, id=7484, stack(0x0000000019090000,0x0000000019190000)]
  0x00000000188aa800 JavaThread "JDWP Event Helper Thread" daemon [_thread_blocked, id=17388, stack(0x0000000018f90000,0x0000000019090000)]
  0x00000000188a6800 JavaThread "JDWP Transport Listener: dt_socket" daemon [_thread_blocked, id=19224, stack(0x0000000018e90000,0x0000000018f90000)]
  0x0000000017540000 JavaThread "Attach Listener" daemon [_thread_blocked, id=20316, stack(0x0000000018d90000,0x0000000018e90000)]
  0x00000000188a0800 JavaThread "Signal Dispatcher" daemon [_thread_blocked, id=14468, stack(0x0000000018c90000,0x0000000018d90000)]
  0x00000000029d9000 JavaThread "Finalizer" daemon [_thread_blocked, id=14488, stack(0x0000000018790000,0x0000000018890000)]
  0x00000000029d3000 JavaThread "Reference Handler" daemon [_thread_blocked, id=8940, stack(0x0000000018690000,0x0000000018790000)]
  0x00000000028e2800 JavaThread "main" [_thread_blocked, id=13068, stack(0x00000000026e0000,0x00000000027e0000)]

Other Threads:
  0x00000000174f7800 VMThread [stack: 0x0000000018590000,0x0000000018690000] [id=5088]
  0x00000000189ba800 WatcherThread [stack: 0x0000000019590000,0x0000000019690000] [id=13352]

VM state:at safepoint (normal execution)

VM Mutex/Monitor currently owned by a thread:  ([mutex/lock_event])
[0x000000000065e300] Threads_lock - owner thread: 0x00000000174f7800
[0x000000000065ee80] Heap_lock - owner thread: 0x00000000028e2800

Heap:
 PSYoungGen      total 38400K, used 38392K [0x00000000d5d80000, 0x00000000da880000, 0x0000000100000000)
  eden space 33280K, 100% used [0x00000000d5d80000,0x00000000d7e00000,0x00000000d7e00000)
  from space 5120K, 99% used [0x00000000d8300000,0x00000000d87fe030,0x00000000d8800000)
  to   space 5120K, 1% used [0x00000000d7e00000,0x00000000d7e18000,0x00000000d8300000)
 ParOldGen       total 87552K, used 7109K [0x0000000081800000, 0x0000000086d80000, 0x00000000d5d80000)
  object space 87552K, 8% used [0x0000000081800000,0x0000000081ef1680,0x0000000086d80000)
 Metaspace       used 15737K, capacity 16090K, committed 16384K, reserved 1062912K
  class space    used 1869K, capacity 1979K, committed 2048K, reserved 1048576K

Card table byte_map: [0x0000000011da0000,0x00000000121a0000] byte_map_base: 0x0000000011994000

Marking Bits: (ParMarkBitMap*) 0x000000005d7008c0
 Begin Bits: [0x0000000012850000, 0x00000000147f0000)
 End Bits:   [0x00000000147f0000, 0x0000000016790000)

Polling page: 0x00000000009c0000

CodeCache: size=245760Kb used=9196Kb max_used=9196Kb free=236563Kb
 bounds [0x00000000029e0000, 0x00000000032f0000, 0x00000000119e0000]
 total_blobs=2895 nmethods=2557 adapters=257
 compilation: enabled

Compilation events (10 events):
Event: 7.222 Thread 0x000000001891c800 nmethod 2555 0x00000000032dcb10 code [0x00000000032dcc60, 0x00000000032dcd70]
Event: 7.223 Thread 0x000000001891c800 2556       3       org.eclipse.aether.RepositoryEvent$Builder::setArtifact (7 bytes)
Event: 7.223 Thread 0x000000001891c800 nmethod 2556 0x00000000032e0290 code [0x00000000032e03e0, 0x00000000032e0550]
Event: 7.223 Thread 0x000000001891c800 2557       1       org.eclipse.aether.resolution.ArtifactResult::getRequest (5 bytes)
Event: 7.224 Thread 0x000000001891c800 nmethod 2557 0x00000000032e05d0 code [0x00000000032e0720, 0x00000000032e0830]
Event: 7.231 Thread 0x000000001891c800 2559       3       org.apache.maven.model.building.ModelData::setModel (6 bytes)
Event: 7.232 Thread 0x000000001891c800 nmethod 2559 0x00000000032e0890 code [0x00000000032e09e0, 0x00000000032e0b50]
Event: 7.232 Thread 0x000000001891c800 2560       3       org.apache.maven.model.building.DefaultModelBuilder::getProfileActivations (86 bytes)
Event: 7.233 Thread 0x000000001891c800 nmethod 2560 0x00000000032e0bd0 code [0x00000000032e0e20, 0x00000000032e1c38]
Event: 7.233 Thread 0x000000001891c800 2561       3       org.apache.maven.model.building.DefaultModelBuilder::injectProfileActivations (68 bytes)

GC Heap History (8 events):
Event: 1.928 GC heap before
{Heap before GC invocations=1 (full 0):
 PSYoungGen      total 38400K, used 33280K [0x00000000d5d80000, 0x00000000d8800000, 0x0000000100000000)
  eden space 33280K, 100% used [0x00000000d5d80000,0x00000000d7e00000,0x00000000d7e00000)
  from space 5120K, 0% used [0x00000000d8300000,0x00000000d8300000,0x00000000d8800000)
  to   space 5120K, 0% used [0x00000000d7e00000,0x00000000d7e00000,0x00000000d8300000)
 ParOldGen       total 87552K, used 0K [0x0000000081800000, 0x0000000086d80000, 0x00000000d5d80000)
  object space 87552K, 0% used [0x0000000081800000,0x0000000081800000,0x0000000086d80000)
 Metaspace       used 7956K, capacity 8220K, committed 8448K, reserved 1056768K
  class space    used 970K, capacity 1020K, committed 1024K, reserved 1048576K
Event: 1.936 GC heap after
Heap after GC invocations=1 (full 0):
 PSYoungGen      total 38400K, used 4702K [0x00000000d5d80000, 0x00000000d8800000, 0x0000000100000000)
  eden space 33280K, 0% used [0x00000000d5d80000,0x00000000d5d80000,0x00000000d7e00000)
  from space 5120K, 91% used [0x00000000d7e00000,0x00000000d8297a80,0x00000000d8300000)
  to   space 5120K, 0% used [0x00000000d8300000,0x00000000d8300000,0x00000000d8800000)
 ParOldGen       total 87552K, used 8K [0x0000000081800000, 0x0000000086d80000, 0x00000000d5d80000)
  object space 87552K, 0% used [0x0000000081800000,0x0000000081802000,0x0000000086d80000)
 Metaspace       used 7956K, capacity 8220K, committed 8448K, reserved 1056768K
  class space    used 970K, capacity 1020K, committed 1024K, reserved 1048576K
}
Event: 2.856 GC heap before
{Heap before GC invocations=2 (full 0):
 PSYoungGen      total 38400K, used 37982K [0x00000000d5d80000, 0x00000000d8800000, 0x0000000100000000)
  eden space 33280K, 100% used [0x00000000d5d80000,0x00000000d7e00000,0x00000000d7e00000)
  from space 5120K, 91% used [0x00000000d7e00000,0x00000000d8297a80,0x00000000d8300000)
  to   space 5120K, 0% used [0x00000000d8300000,0x00000000d8300000,0x00000000d8800000)
 ParOldGen       total 87552K, used 8K [0x0000000081800000, 0x0000000086d80000, 0x00000000d5d80000)
  object space 87552K, 0% used [0x0000000081800000,0x0000000081802000,0x0000000086d80000)
 Metaspace       used 10990K, capacity 11294K, committed 11520K, reserved 1058816K
  class space    used 1361K, capacity 1447K, committed 1536K, reserved 1048576K
Event: 2.866 GC heap after
Heap after GC invocations=2 (full 0):
 PSYoungGen      total 38400K, used 5103K [0x00000000d5d80000, 0x00000000d8800000, 0x0000000100000000)
  eden space 33280K, 0% used [0x00000000d5d80000,0x00000000d5d80000,0x00000000d7e00000)
  from space 5120K, 99% used [0x00000000d8300000,0x00000000d87fbd38,0x00000000d8800000)
  to   space 5120K, 0% used [0x00000000d7e00000,0x00000000d7e00000,0x00000000d8300000)
 ParOldGen       total 87552K, used 1022K [0x0000000081800000, 0x0000000086d80000, 0x00000000d5d80000)
  object space 87552K, 1% used [0x0000000081800000,0x00000000818ff940,0x0000000086d80000)
 Metaspace       used 10990K, capacity 11294K, committed 11520K, reserved 1058816K
  class space    used 1361K, capacity 1447K, committed 1536K, reserved 1048576K
}
Event: 4.417 GC heap before
{Heap before GC invocations=3 (full 0):
 PSYoungGen      total 38400K, used 38383K [0x00000000d5d80000, 0x00000000d8800000, 0x0000000100000000)
  eden space 33280K, 100% used [0x00000000d5d80000,0x00000000d7e00000,0x00000000d7e00000)
  from space 5120K, 99% used [0x00000000d8300000,0x00000000d87fbd38,0x00000000d8800000)
  to   space 5120K, 0% used [0x00000000d7e00000,0x00000000d7e00000,0x00000000d8300000)
 ParOldGen       total 87552K, used 1022K [0x0000000081800000, 0x0000000086d80000, 0x00000000d5d80000)
  object space 87552K, 1% used [0x0000000081800000,0x00000000818ff940,0x0000000086d80000)
 Metaspace       used 15081K, capacity 15434K, committed 15616K, reserved 1062912K
  class space    used 1835K, capacity 1939K, committed 2048K, reserved 1048576K
Event: 4.434 GC heap after
Heap after GC invocations=3 (full 0):
 PSYoungGen      total 38400K, used 5091K [0x00000000d5d80000, 0x00000000d8800000, 0x0000000100000000)
  eden space 33280K, 0% used [0x00000000d5d80000,0x00000000d5d80000,0x00000000d7e00000)
  from space 5120K, 99% used [0x00000000d7e00000,0x00000000d82f8e78,0x00000000d8300000)
  to   space 5120K, 0% used [0x00000000d8300000,0x00000000d8300000,0x00000000d8800000)
 ParOldGen       total 87552K, used 3616K [0x0000000081800000, 0x0000000086d80000, 0x00000000d5d80000)
  object space 87552K, 4% used [0x0000000081800000,0x0000000081b88158,0x0000000086d80000)
 Metaspace       used 15081K, capacity 15434K, committed 15616K, reserved 1062912K
  class space    used 1835K, capacity 1939K, committed 2048K, reserved 1048576K
}
Event: 5.946 GC heap before
{Heap before GC invocations=4 (full 0):
 PSYoungGen      total 38400K, used 38371K [0x00000000d5d80000, 0x00000000d8800000, 0x0000000100000000)
  eden space 33280K, 100% used [0x00000000d5d80000,0x00000000d7e00000,0x00000000d7e00000)
  from space 5120K, 99% used [0x00000000d7e00000,0x00000000d82f8e78,0x00000000d8300000)
  to   space 5120K, 0% used [0x00000000d8300000,0x00000000d8300000,0x00000000d8800000)
 ParOldGen       total 87552K, used 3616K [0x0000000081800000, 0x0000000086d80000, 0x00000000d5d80000)
  object space 87552K, 4% used [0x0000000081800000,0x0000000081b88158,0x0000000086d80000)
 Metaspace       used 15479K, capacity 15758K, committed 15872K, reserved 1062912K
  class space    used 1868K, capacity 1977K, committed 2048K, reserved 1048576K
Event: 5.986 GC heap after
Heap after GC invocations=4 (full 0):
 PSYoungGen      total 38400K, used 5112K [0x00000000d5d80000, 0x00000000da880000, 0x0000000100000000)
  eden space 33280K, 0% used [0x00000000d5d80000,0x00000000d5d80000,0x00000000d7e00000)
  from space 5120K, 99% used [0x00000000d8300000,0x00000000d87fe030,0x00000000d8800000)
  to   space 5120K, 0% used [0x00000000d7e00000,0x00000000d7e00000,0x00000000d8300000)
 ParOldGen       total 87552K, used 7109K [0x0000000081800000, 0x0000000086d80000, 0x00000000d5d80000)
  object space 87552K, 8% used [0x0000000081800000,0x0000000081ef1680,0x0000000086d80000)
 Metaspace       used 15479K, capacity 15758K, committed 15872K, reserved 1062912K
  class space    used 1868K, capacity 1977K, committed 2048K, reserved 1048576K
}

Deoptimization events (10 events):
Event: 5.921 Thread 0x00000000028e2800 Uncommon trap: reason=array_check action=maybe_recompile pc=0x0000000003170b44 method=java.util.AbstractCollection.toArray([Ljava/lang/Object;)[Ljava/lang/Object; @ 119
Event: 5.921 Thread 0x00000000028e2800 Uncommon trap: reason=array_check action=maybe_recompile pc=0x0000000003170b44 method=java.util.AbstractCollection.toArray([Ljava/lang/Object;)[Ljava/lang/Object; @ 119
Event: 6.215 Thread 0x00000000028e2800 Uncommon trap: reason=unstable_if action=reinterpret pc=0x000000000303f374 method=org.codehaus.plexus.util.xml.pull.MXParser.nextImpl()I @ 280
Event: 6.792 Thread 0x00000000028e2800 Uncommon trap: reason=unstable_if action=reinterpret pc=0x00000000030ba310 method=org.codehaus.plexus.util.xml.pull.MXParser.parseAttribute()C @ 762
Event: 6.852 Thread 0x00000000028e2800 Uncommon trap: reason=unstable_if action=reinterpret pc=0x000000000322b514 method=org.apache.maven.repository.internal.ArtifactDescriptorReaderDelegate.convert(Lorg/apache/maven/model/Dependency;Lorg/eclipse/aether/artifact/ArtifactTypeRegistry;)Lorg/ecli
Event: 6.925 Thread 0x00000000028e2800 Uncommon trap: reason=unstable_if action=reinterpret pc=0x00000000031c4854 method=java.util.regex.Pattern$Curly.match(Ljava/util/regex/Matcher;ILjava/lang/CharSequence;)Z @ 45
Event: 6.925 Thread 0x00000000028e2800 Uncommon trap: reason=class_check action=maybe_recompile pc=0x0000000003271b30 method=org.codehaus.plexus.interpolation.MapBasedValueSource.getValue(Ljava/lang/String;)Ljava/lang/Object; @ 16
Event: 6.925 Thread 0x00000000028e2800 Uncommon trap: reason=class_check action=maybe_recompile pc=0x0000000003271b30 method=org.codehaus.plexus.interpolation.MapBasedValueSource.getValue(Ljava/lang/String;)Ljava/lang/Object; @ 16
Event: 6.926 Thread 0x00000000028e2800 Uncommon trap: reason=class_check action=maybe_recompile pc=0x0000000003271b30 method=org.codehaus.plexus.interpolation.MapBasedValueSource.getValue(Ljava/lang/String;)Ljava/lang/Object; @ 16
Event: 7.212 Thread 0x00000000028e2800 Uncommon trap: reason=null_check action=make_not_entrant pc=0x00000000032bcfe0 method=org.apache.maven.model.validation.DefaultModelValidator.validateEffectiveDependency(Lorg/apache/maven/model/building/ModelProblemCollector;Lorg/apache/maven/model/Depend

Classes redefined (0 events):
No events

Internal exceptions (10 events):
Event: 3.890 Thread 0x00000000028e2800 Exception <a 'java/lang/NullPointerException'> (0x00000000d7418670) thrown at [C:\re\workspace\8-2-build-windows-amd64-cygwin\jdk8u171\10807\hotspot\src\share\vm\interpreter\linkResolver.cpp, line 1185]
Event: 3.890 Thread 0x00000000028e2800 Exception <a 'java/lang/NullPointerException'> (0x00000000d7418888) thrown at [C:\re\workspace\8-2-build-windows-amd64-cygwin\jdk8u171\10807\hotspot\src\share\vm\interpreter\linkResolver.cpp, line 1185]
Event: 3.893 Thread 0x00000000028e2800 Exception <a 'java/lang/NullPointerException'> (0x00000000d742e238) thrown at [C:\re\workspace\8-2-build-windows-amd64-cygwin\jdk8u171\10807\hotspot\src\share\vm\interpreter\linkResolver.cpp, line 1185]
Event: 3.893 Thread 0x00000000028e2800 Exception <a 'java/lang/NullPointerException'> (0x00000000d742e450) thrown at [C:\re\workspace\8-2-build-windows-amd64-cygwin\jdk8u171\10807\hotspot\src\share\vm\interpreter\linkResolver.cpp, line 1185]
Event: 3.893 Thread 0x00000000028e2800 Exception <a 'java/lang/NullPointerException'> (0x00000000d742e688) thrown at [C:\re\workspace\8-2-build-windows-amd64-cygwin\jdk8u171\10807\hotspot\src\share\vm\interpreter\linkResolver.cpp, line 1185]
Event: 4.532 Thread 0x00000000028e2800 Implicit null exception at 0x000000000304558b to 0x0000000003045d71
Event: 4.678 Thread 0x00000000028e2800 Implicit null exception at 0x0000000002dd1454 to 0x0000000002dd16e9
Event: 4.769 Thread 0x00000000028e2800 Implicit null exception at 0x0000000002fd8287 to 0x0000000002fd83c1
Event: 4.769 Thread 0x00000000028e2800 Implicit null exception at 0x0000000002e81958 to 0x0000000002e819e6
Event: 7.212 Thread 0x00000000028e2800 Implicit null exception at 0x00000000032ba8c3 to 0x00000000032bcfc1

Events (10 events):
Event: 6.925 Thread 0x00000000028e2800 DEOPT UNPACKING pc=0x0000000002a2583b sp=0x00000000027dc330 mode 2
Event: 6.925 Thread 0x00000000028e2800 Uncommon trap: trap_request=0xffffffde fr.pc=0x0000000003271b30
Event: 6.926 Thread 0x00000000028e2800 DEOPT PACKING pc=0x0000000003271b30 sp=0x00000000027dc330
Event: 6.926 Thread 0x00000000028e2800 DEOPT UNPACKING pc=0x0000000002a2583b sp=0x00000000027dc330 mode 2
Event: 6.926 Thread 0x00000000028e2800 Uncommon trap: trap_request=0xffffffde fr.pc=0x0000000003271b30
Event: 6.926 Thread 0x00000000028e2800 DEOPT PACKING pc=0x0000000003271b30 sp=0x00000000027dc330
Event: 6.926 Thread 0x00000000028e2800 DEOPT UNPACKING pc=0x0000000002a2583b sp=0x00000000027dc330 mode 2
Event: 7.212 Thread 0x00000000028e2800 Uncommon trap: trap_request=0xfffffff4 fr.pc=0x00000000032bcfe0
Event: 7.212 Thread 0x00000000028e2800 DEOPT PACKING pc=0x00000000032bcfe0 sp=0x00000000027dcea0
Event: 7.212 Thread 0x00000000028e2800 DEOPT UNPACKING pc=0x0000000002a2583b sp=0x00000000027dcec0 mode 2


Dynamic libraries:
0x00007ff6a7770000 - 0x00007ff6a77a7000 	C:\Program Files\Java\jdk1.8.0_171\bin\java.exe
0x00007fff69b20000 - 0x00007fff69d0d000 	C:\Windows\SYSTEM32\ntdll.dll
0x00007fff66fa0000 - 0x00007fff67053000 	C:\Windows\System32\KERNEL32.DLL
0x00007fff665b0000 - 0x00007fff66843000 	C:\Windows\System32\KERNELBASE.dll
0x00007fff671c0000 - 0x00007fff67263000 	C:\Windows\System32\ADVAPI32.dll
0x00007fff67df0000 - 0x00007fff67e8e000 	C:\Windows\System32\msvcrt.dll
0x00007fff68150000 - 0x00007fff681ee000 	C:\Windows\System32\sechost.dll
0x00007fff68390000 - 0x00007fff684b2000 	C:\Windows\System32\RPCRT4.dll
0x00007fff681f0000 - 0x00007fff68387000 	C:\Windows\System32\USER32.dll
0x00007fff668b0000 - 0x00007fff668d0000 	C:\Windows\System32\win32u.dll
0x00007fff68120000 - 0x00007fff68149000 	C:\Windows\System32\GDI32.dll
0x00007fff66950000 - 0x00007fff66ae9000 	C:\Windows\System32\gdi32full.dll
0x00007fff66340000 - 0x00007fff663e0000 	C:\Windows\System32\msvcp_win.dll
0x00007fff664b0000 - 0x00007fff665aa000 	C:\Windows\System32\ucrtbase.dll
0x00007fff57810000 - 0x00007fff57a89000 	C:\Windows\WinSxS\amd64_microsoft.windows.common-controls_6595b64144ccf1df_6.0.17763.615_none_05b4414a072024d4\COMCTL32.dll
0x00007fff67270000 - 0x00007fff6759c000 	C:\Windows\System32\combase.dll
0x00007fff66af0000 - 0x00007fff66b6e000 	C:\Windows\System32\bcryptPrimitives.dll
0x00007fff66f60000 - 0x00007fff66f8e000 	C:\Windows\System32\IMM32.DLL
0x000000005d780000 - 0x000000005d852000 	C:\Program Files\Java\jdk1.8.0_171\jre\bin\msvcr100.dll
0x000000005cee0000 - 0x000000005d780000 	C:\Program Files\Java\jdk1.8.0_171\jre\bin\server\jvm.dll
0x00007fff67de0000 - 0x00007fff67de8000 	C:\Windows\System32\PSAPI.DLL
0x00007fff63820000 - 0x00007fff63844000 	C:\Windows\SYSTEM32\WINMM.dll
0x00007fff4ac00000 - 0x00007fff4ac09000 	C:\Windows\SYSTEM32\WSOCK32.dll
0x00007fff67d70000 - 0x00007fff67ddd000 	C:\Windows\System32\WS2_32.dll
0x00007fff637f0000 - 0x00007fff6381d000 	C:\Windows\SYSTEM32\WINMMBASE.dll
0x00007fff66900000 - 0x00007fff6694a000 	C:\Windows\System32\cfgmgr32.dll
0x00007fff553f0000 - 0x00007fff553fa000 	C:\Windows\SYSTEM32\VERSION.dll
0x000000005ced0000 - 0x000000005cedf000 	C:\Program Files\Java\jdk1.8.0_171\jre\bin\verify.dll
0x000000005cea0000 - 0x000000005cec9000 	C:\Program Files\Java\jdk1.8.0_171\jre\bin\java.dll
0x000000005a680000 - 0x000000005a6b5000 	C:\Program Files\Java\jdk1.8.0_171\jre\bin\jdwp.dll
0x000000005bf70000 - 0x000000005bf78000 	C:\Program Files\Java\jdk1.8.0_171\jre\bin\npt.dll
0x000000005a650000 - 0x000000005a673000 	C:\Program Files\Java\jdk1.8.0_171\jre\bin\instrument.dll
0x000000005ce80000 - 0x000000005ce96000 	C:\Program Files\Java\jdk1.8.0_171\jre\bin\zip.dll
0x00007fff68600000 - 0x00007fff69af0000 	C:\Windows\System32\SHELL32.dll
0x00007fff67e90000 - 0x00007fff67f38000 	C:\Windows\System32\shcore.dll
0x00007fff65bf0000 - 0x00007fff6633a000 	C:\Windows\System32\windows.storage.dll
0x00007fff65b40000 - 0x00007fff65b64000 	C:\Windows\System32\profapi.dll
0x00007fff65b70000 - 0x00007fff65bcd000 	C:\Windows\System32\powrprof.dll
0x00007fff66f00000 - 0x00007fff66f52000 	C:\Windows\System32\shlwapi.dll
0x00007fff65b20000 - 0x00007fff65b31000 	C:\Windows\System32\kernel.appcore.dll
0x00007fff663e0000 - 0x00007fff663f7000 	C:\Windows\System32\cryptsp.dll
0x000000005bf60000 - 0x000000005bf69000 	C:\Program Files\Java\jdk1.8.0_171\jre\bin\dt_socket.dll
0x00007fff65300000 - 0x00007fff65367000 	C:\Windows\system32\mswsock.dll
0x000000005ce30000 - 0x000000005ce4a000 	C:\Program Files\Java\jdk1.8.0_171\jre\bin\net.dll
0x000000005cdd0000 - 0x000000005cde1000 	C:\Program Files\Java\jdk1.8.0_171\jre\bin\nio.dll

VM Arguments:
jvm_args: -agentlib:jdwp=transport=dt_socket,address=127.0.0.1:4672,suspend=y,server=n -Dmaven.multiModuleProjectDirectory=F:\DarkHorse\pygproject\pinyougou\pinyougou-shop-web -DarchetypeCatalog=internal -Dmaven.home=D:\apache-maven-3.3.9\apache-maven-3.3.9 -Dclassworlds.conf=D:\apache-maven-3.3.9\apache-maven-3.3.9\bin\m2.conf -javaagent:C:\Users\LeonLai\.IntelliJIdea2019.1\system\captureAgent\debugger-agent.jar -Dfile.encoding=UTF-8 
java_command: org.codehaus.classworlds.Launcher -Didea.version2019.1 -s D:\apache-maven-3.3.9\apache-maven-3.3.9\conf\settings.xml -Dmaven.repo.local=C:\webServer\repository tomcat7:run
java_class_path (initial): D:\apache-maven-3.3.9\apache-maven-3.3.9\boot\plexus-classworlds-2.5.2.jar;C:\ideaIU_2019.1\IntelliJ IDEA 2019.1\lib\idea_rt.jar;C:\Users\LeonLai\.IntelliJIdea2019.1\system\captureAgent\debugger-agent.jar
Launcher Type: SUN_STANDARD

Environment Variables:
JAVA_HOME=C:\Program Files\Java\jdk1.8.0_171
PATH=D:\apache-maven-3.3.9\apache-maven-3.3.9\\bin;C:\Program Files\Java\jdk1.8.0_171\bin;C:\Windows\system32;C:\Windows;C:\Windows\System32\Wbem;C:\Windows\System32\WindowsPowerShell\v1.0\;C:\Windows\System32\OpenSSH\;D:\mysql-5.6.22-win32\bin;C:\Software\VisualSVNServer\bin;C:\Software\TortoiseSVN\bin;C:\Software\Nodejs\;C:\Software\Git\Git\cmd;C:\Software\TortoiseGit\bin;C:\Users\LeonLai\AppData\Local\Microsoft\WindowsApps;;D:\Fillder\Fiddler;C:\Users\LeonLai\AppData\Roaming\npm
USERNAME=LeonLai
OS=Windows_NT
PROCESSOR_IDENTIFIER=Intel64 Family 6 Model 61 Stepping 4, GenuineIntel



---------------  S Y S T E M  ---------------

OS: Windows 10.0 , 64 bit Build 17763 (10.0.17763.475)

CPU:total 4 (initial active 4) (2 cores per cpu, 2 threads per core) family 6 model 61 stepping 4, cmov, cx8, fxsr, mmx, sse, sse2, sse3, ssse3, sse4.1, sse4.2, popcnt, avx, avx2, aes, clmul, erms, 3dnowpref, lzcnt, ht, tsc, tscinvbit, bmi1, bmi2, adx

Memory: 4k page, physical 8288672k(144828k free), swap 17934108k(6276k free)

vm_info: Java HotSpot(TM) 64-Bit Server VM (25.171-b11) for windows-amd64 JRE (1.8.0_171-b11), built on Mar 28 2018 16:06:12 by "java_re" with MS VC++ 10.0 (VS2010)

time: Mon Jul 22 11:18:32 2019
elapsed time: 7 seconds (0d 0h 0m 7s)

