#
# There is insufficient memory for the Java Runtime Environment to continue.
# Native memory allocation (malloc) failed to allocate 32744 bytes for ChunkPool::allocate
# Possible reasons:
#   The system is out of physical RAM or swap space
#   In 32 bit mode, the process size limit was hit
# Possible solutions:
#   Reduce memory load on the system
#   Increase physical memory or swap space
#   Check if swap backing store is full
#   Use 64 bit Java on a 64 bit OS
#   Decrease Java heap size (-Xmx/-Xms)
#   Decrease number of Java threads
#   Decrease Java thread stack sizes (-Xss)
#   Set larger code cache with -XX:ReservedCodeCacheSize=
# This output file may be truncated or incomplete.
#
#  Out of Memory Error (allocation.cpp:273), pid=11476, tid=0x00000000000049b4
#
# JRE version: Java(TM) SE Runtime Environment (8.0_171-b11) (build 1.8.0_171-b11)
# Java VM: Java HotSpot(TM) 64-Bit Server VM (25.171-b11 mixed mode windows-amd64 compressed oops)
# Failed to write core dump. Minidumps are not enabled by default on client versions of Windows
#

---------------  T H R E A D  ---------------

Current thread (0x0000000019175000):  JavaThread "C2 CompilerThread0" daemon [_thread_in_native, id=18868, stack(0x00000000199f0000,0x0000000019af0000)]

Stack: [0x00000000199f0000,0x0000000019af0000]
[error occurred during error reporting (printing stack bounds), id 0xc0000005]

Native frames: (J=compiled Java code, j=interpreted, Vv=VM code, C=native code)


Current CompileTask:
C2:  21714 5304   !   4       org.apache.catalina.startup.ContextConfig::populateJavaClassCache (159 bytes)


---------------  P R O C E S S  ---------------

Java Threads: ( => current thread )
  0x000000001dc55000 JavaThread "localhost-startStop-1" daemon [_thread_in_Java, id=6848, stack(0x0000000020ac0000,0x0000000020bc0000)]
  0x000000001dc52000 JavaThread "Tomcat-startStop-1" daemon [_thread_blocked, id=10716, stack(0x000000001d180000,0x000000001d280000)]
  0x0000000019214000 JavaThread "Service Thread" daemon [_thread_blocked, id=9428, stack(0x0000000019cf0000,0x0000000019df0000)]
  0x000000001917c800 JavaThread "C1 CompilerThread2" daemon [_thread_blocked, id=19112, stack(0x0000000019bf0000,0x0000000019cf0000)]
  0x0000000019177000 JavaThread "C2 CompilerThread1" daemon [_thread_in_native, id=18724, stack(0x0000000019af0000,0x0000000019bf0000)]
=>0x0000000019175000 JavaThread "C2 CompilerThread0" daemon [_thread_in_native, id=18868, stack(0x00000000199f0000,0x0000000019af0000)]
  0x000000001910e000 JavaThread "JDWP Command Reader" daemon [_thread_in_native, id=18608, stack(0x00000000198f0000,0x00000000199f0000)]
  0x0000000019107800 JavaThread "JDWP Event Helper Thread" daemon [_thread_blocked, id=14852, stack(0x00000000197f0000,0x00000000198f0000)]
  0x0000000017de6800 JavaThread "JDWP Transport Listener: dt_socket" daemon [_thread_blocked, id=9492, stack(0x00000000196f0000,0x00000000197f0000)]
  0x0000000017da0000 JavaThread "Attach Listener" daemon [_thread_blocked, id=20144, stack(0x00000000195f0000,0x00000000196f0000)]
  0x0000000019100800 JavaThread "Signal Dispatcher" daemon [_thread_blocked, id=12764, stack(0x00000000194f0000,0x00000000195f0000)]
  0x0000000003239000 JavaThread "Finalizer" daemon [_thread_blocked, id=728, stack(0x0000000018fe0000,0x00000000190e0000)]
  0x0000000003233000 JavaThread "Reference Handler" daemon [_thread_blocked, id=14500, stack(0x0000000018ee0000,0x0000000018fe0000)]
  0x0000000003142800 JavaThread "main" [_thread_blocked, id=18284, stack(0x0000000002e60000,0x0000000002f60000)]

Other Threads:
  0x0000000017d57800 VMThread [stack: 0x0000000018de0000,0x0000000018ee0000] [id=9656]
  0x0000000019217800 WatcherThread [stack: 0x0000000019df0000,0x0000000019ef0000] [id=17812]

VM state:not at safepoint (normal execution)

VM Mutex/Monitor currently owned by a thread: None

Heap:
 PSYoungGen      total 119808K, used 49203K [0x00000000d5d80000, 0x00000000e0380000, 0x0000000100000000)
  eden space 116224K, 39% used [0x00000000d5d80000,0x00000000d8a14e48,0x00000000dcf00000)
  from space 3584K, 99% used [0x00000000de700000,0x00000000dea78010,0x00000000dea80000)
  to   space 24576K, 0% used [0x00000000dcf00000,0x00000000dcf00000,0x00000000de700000)
 ParOldGen       total 77312K, used 52677K [0x0000000081800000, 0x0000000086380000, 0x00000000d5d80000)
  object space 77312K, 68% used [0x0000000081800000,0x0000000084b714e0,0x0000000086380000)
 Metaspace       used 29943K, capacity 30556K, committed 30848K, reserved 1077248K
  class space    used 3458K, capacity 3647K, committed 3712K, reserved 1048576K

Card table byte_map: [0x0000000012600000,0x0000000012a00000] byte_map_base: 0x00000000121f4000

Marking Bits: (ParMarkBitMap*) 0x000000005d7008c0
 Begin Bits: [0x00000000130b0000, 0x0000000015050000)
 End Bits:   [0x0000000015050000, 0x0000000016ff0000)

Polling page: 0x0000000001340000

CodeCache: size=245760Kb used=17321Kb max_used=18042Kb free=228438Kb
 bounds [0x0000000003240000, 0x0000000004400000, 0x0000000012240000]
 total_blobs=4949 nmethods=4533 adapters=335
 compilation: enabled

Compilation events (10 events):
Event: 21.411 Thread 0x0000000019177000 5299       4       java.util.HashMap::putAll (7 bytes)
Event: 21.421 Thread 0x0000000019177000 nmethod 5299 0x00000000033bef10 code [0x00000000033bf0c0, 0x00000000033bf558]
Event: 21.599 Thread 0x0000000019175000 5300   !   4       java.util.zip.ZipFile::getEntry (101 bytes)
Event: 21.608 Thread 0x0000000019177000 5301   !   4       org.apache.catalina.startup.ContextConfig::checkHandlesTypes (453 bytes)
Event: 21.626 Thread 0x0000000019175000 nmethod 5300 0x0000000003b00c10 code [0x0000000003b00e60, 0x0000000003b01e98]
Event: 21.627 Thread 0x0000000019175000 5302       4       java.io.BufferedInputStream::fill (233 bytes)
Event: 21.629 Thread 0x0000000019175000 nmethod 5302 0x000000000352cc50 code [0x000000000352cda0, 0x000000000352ced8]
Event: 21.636 Thread 0x0000000019175000 5303       4       java.util.zip.ZipFile::getZipEntry (251 bytes)
Event: 21.642 Thread 0x0000000019175000 nmethod 5303 0x00000000038f5590 code [0x00000000038f5760, 0x00000000038f5b20]
Event: 21.656 Thread 0x0000000019175000 5304   !   4       org.apache.catalina.startup.ContextConfig::populateJavaClassCache (159 bytes)

GC Heap History (10 events):
Event: 10.437 GC heap before
{Heap before GC invocations=7 (full 0):
 PSYoungGen      total 76800K, used 57384K [0x00000000d5d80000, 0x00000000db280000, 0x0000000100000000)
  eden space 66560K, 74% used [0x00000000d5d80000,0x00000000d8dc4fe0,0x00000000d9e80000)
  from space 10240K, 77% used [0x00000000da880000,0x00000000db045090,0x00000000db280000)
  to   space 10240K, 0% used [0x00000000d9e80000,0x00000000d9e80000,0x00000000da880000)
 ParOldGen       total 87552K, used 10030K [0x0000000081800000, 0x0000000086d80000, 0x00000000d5d80000)
  object space 87552K, 11% used [0x0000000081800000,0x00000000821cb9e8,0x0000000086d80000)
 Metaspace       used 20691K, capacity 21084K, committed 21296K, reserved 1069056K
  class space    used 2461K, capacity 2580K, committed 2688K, reserved 1048576K
Event: 10.472 GC heap after
Heap after GC invocations=7 (full 0):
 PSYoungGen      total 76800K, used 8329K [0x00000000d5d80000, 0x00000000df480000, 0x0000000100000000)
  eden space 66560K, 0% used [0x00000000d5d80000,0x00000000d5d80000,0x00000000d9e80000)
  from space 10240K, 81% used [0x00000000d9e80000,0x00000000da6a2418,0x00000000da880000)
  to   space 10752K, 0% used [0x00000000dea00000,0x00000000dea00000,0x00000000df480000)
 ParOldGen       total 87552K, used 11654K [0x0000000081800000, 0x0000000086d80000, 0x00000000d5d80000)
  object space 87552K, 13% used [0x0000000081800000,0x0000000082361a48,0x0000000086d80000)
 Metaspace       used 20691K, capacity 21084K, committed 21296K, reserved 1069056K
  class space    used 2461K, capacity 2580K, committed 2688K, reserved 1048576K
}
Event: 10.472 GC heap before
{Heap before GC invocations=8 (full 1):
 PSYoungGen      total 76800K, used 8329K [0x00000000d5d80000, 0x00000000df480000, 0x0000000100000000)
  eden space 66560K, 0% used [0x00000000d5d80000,0x00000000d5d80000,0x00000000d9e80000)
  from space 10240K, 81% used [0x00000000d9e80000,0x00000000da6a2418,0x00000000da880000)
  to   space 10752K, 0% used [0x00000000dea00000,0x00000000dea00000,0x00000000df480000)
 ParOldGen       total 87552K, used 11654K [0x0000000081800000, 0x0000000086d80000, 0x00000000d5d80000)
  object space 87552K, 13% used [0x0000000081800000,0x0000000082361a48,0x0000000086d80000)
 Metaspace       used 20691K, capacity 21084K, committed 21296K, reserved 1069056K
  class space    used 2461K, capacity 2580K, committed 2688K, reserved 1048576K
Event: 10.875 GC heap after
Heap after GC invocations=8 (full 1):
 PSYoungGen      total 76800K, used 0K [0x00000000d5d80000, 0x00000000df480000, 0x0000000100000000)
  eden space 66560K, 0% used [0x00000000d5d80000,0x00000000d5d80000,0x00000000d9e80000)
  from space 10240K, 0% used [0x00000000d9e80000,0x00000000d9e80000,0x00000000da880000)
  to   space 10752K, 0% used [0x00000000dea00000,0x00000000dea00000,0x00000000df480000)
 ParOldGen       total 77312K, used 15236K [0x0000000081800000, 0x0000000086380000, 0x00000000d5d80000)
  object space 77312K, 19% used [0x0000000081800000,0x00000000826e1210,0x0000000086380000)
 Metaspace       used 20691K, capacity 21084K, committed 21296K, reserved 1069056K
  class space    used 2461K, capacity 2580K, committed 2688K, reserved 1048576K
}
Event: 14.070 GC heap before
{Heap before GC invocations=9 (full 1):
 PSYoungGen      total 76800K, used 66560K [0x00000000d5d80000, 0x00000000df480000, 0x0000000100000000)
  eden space 66560K, 100% used [0x00000000d5d80000,0x00000000d9e80000,0x00000000d9e80000)
  from space 10240K, 0% used [0x00000000d9e80000,0x00000000d9e80000,0x00000000da880000)
  to   space 10752K, 0% used [0x00000000dea00000,0x00000000dea00000,0x00000000df480000)
 ParOldGen       total 77312K, used 15236K [0x0000000081800000, 0x0000000086380000, 0x00000000d5d80000)
  object space 77312K, 19% used [0x0000000081800000,0x00000000826e1210,0x0000000086380000)
 Metaspace       used 23002K, capacity 23438K, committed 23552K, reserved 1071104K
  class space    used 2666K, capacity 2807K, committed 2816K, reserved 1048576K
Event: 14.102 GC heap after
Heap after GC invocations=9 (full 1):
 PSYoungGen      total 94720K, used 10727K [0x00000000d5d80000, 0x00000000df480000, 0x0000000100000000)
  eden space 83968K, 0% used [0x00000000d5d80000,0x00000000d5d80000,0x00000000daf80000)
  from space 10752K, 99% used [0x00000000dea00000,0x00000000df479e20,0x00000000df480000)
  to   space 13824K, 0% used [0x00000000dd980000,0x00000000dd980000,0x00000000de700000)
 ParOldGen       total 77312K, used 20073K [0x0000000081800000, 0x0000000086380000, 0x00000000d5d80000)
  object space 77312K, 25% used [0x0000000081800000,0x0000000082b9a4f8,0x0000000086380000)
 Metaspace       used 23002K, capacity 23438K, committed 23552K, reserved 1071104K
  class space    used 2666K, capacity 2807K, committed 2816K, reserved 1048576K
}
Event: 19.628 GC heap before
{Heap before GC invocations=10 (full 1):
 PSYoungGen      total 94720K, used 94695K [0x00000000d5d80000, 0x00000000df480000, 0x0000000100000000)
  eden space 83968K, 100% used [0x00000000d5d80000,0x00000000daf80000,0x00000000daf80000)
  from space 10752K, 99% used [0x00000000dea00000,0x00000000df479e20,0x00000000df480000)
  to   space 13824K, 0% used [0x00000000dd980000,0x00000000dd980000,0x00000000de700000)
 ParOldGen       total 77312K, used 20073K [0x0000000081800000, 0x0000000086380000, 0x00000000d5d80000)
  object space 77312K, 25% used [0x0000000081800000,0x0000000082b9a4f8,0x0000000086380000)
 Metaspace       used 29893K, capacity 30428K, committed 30592K, reserved 1077248K
  class space    used 3458K, capacity 3647K, committed 3712K, reserved 1048576K
Event: 19.681 GC heap after
Heap after GC invocations=10 (full 1):
 PSYoungGen      total 110592K, used 13801K [0x00000000d5d80000, 0x00000000dea80000, 0x0000000100000000)
  eden space 96768K, 0% used [0x00000000d5d80000,0x00000000d5d80000,0x00000000dbc00000)
  from space 13824K, 99% used [0x00000000dd980000,0x00000000de6fa430,0x00000000de700000)
  to   space 3584K, 0% used [0x00000000de700000,0x00000000de700000,0x00000000dea80000)
 ParOldGen       total 77312K, used 27798K [0x0000000081800000, 0x0000000086380000, 0x00000000d5d80000)
  object space 77312K, 35% used [0x0000000081800000,0x0000000083325988,0x0000000086380000)
 Metaspace       used 29893K, capacity 30428K, committed 30592K, reserved 1077248K
  class space    used 3458K, capacity 3647K, committed 3712K, reserved 1048576K
}
Event: 20.997 GC heap before
{Heap before GC invocations=11 (full 1):
 PSYoungGen      total 110592K, used 110569K [0x00000000d5d80000, 0x00000000dea80000, 0x0000000100000000)
  eden space 96768K, 100% used [0x00000000d5d80000,0x00000000dbc00000,0x00000000dbc00000)
  from space 13824K, 99% used [0x00000000dd980000,0x00000000de6fa430,0x00000000de700000)
  to   space 3584K, 0% used [0x00000000de700000,0x00000000de700000,0x00000000dea80000)
 ParOldGen       total 77312K, used 27798K [0x0000000081800000, 0x0000000086380000, 0x00000000d5d80000)
  object space 77312K, 35% used [0x0000000081800000,0x0000000083325988,0x0000000086380000)
 Metaspace       used 29936K, capacity 30556K, committed 30848K, reserved 1077248K
  class space    used 3458K, capacity 3647K, committed 3712K, reserved 1048576K
Event: 21.091 GC heap after
Heap after GC invocations=11 (full 1):
 PSYoungGen      total 119808K, used 3552K [0x00000000d5d80000, 0x00000000e0380000, 0x0000000100000000)
  eden space 116224K, 0% used [0x00000000d5d80000,0x00000000d5d80000,0x00000000dcf00000)
  from space 3584K, 99% used [0x00000000de700000,0x00000000dea78010,0x00000000dea80000)
  to   space 24576K, 0% used [0x00000000dcf00000,0x00000000dcf00000,0x00000000de700000)
 ParOldGen       total 77312K, used 52677K [0x0000000081800000, 0x0000000086380000, 0x00000000d5d80000)
  object space 77312K, 68% used [0x0000000081800000,0x0000000084b714e0,0x0000000086380000)
 Metaspace       used 29936K, capacity 30556K, committed 30848K, reserved 1077248K
  class space    used 3458K, capacity 3647K, committed 3712K, reserved 1048576K
}

Deoptimization events (10 events):
Event: 19.475 Thread 0x000000001dc55000 Uncommon trap: reason=unloaded action=reinterpret pc=0x00000000042faac4 method=org.apache.tomcat.util.bcel.classfile.Constant.readConstant(Ljava/io/DataInputStream;)Lorg/apache/tomcat/util/bcel/classfile/Constant; @ 164
Event: 19.595 Thread 0x000000001dc55000 Uncommon trap: reason=unloaded action=reinterpret pc=0x000000000433597c method=org.apache.tomcat.util.bcel.classfile.Constant.readConstant(Ljava/io/DataInputStream;)Lorg/apache/tomcat/util/bcel/classfile/Constant; @ 187
Event: 19.596 Thread 0x000000001dc55000 Uncommon trap: reason=unstable_if action=reinterpret pc=0x000000000432163c method=org.apache.tomcat.util.bcel.classfile.Attribute.readAttribute(Ljava/io/DataInputStream;Lorg/apache/tomcat/util/bcel/classfile/ConstantPool;)Lorg/apache/tomcat/util/bcel/clas
Event: 20.089 Thread 0x000000001dc55000 Uncommon trap: reason=unloaded action=reinterpret pc=0x000000000434d584 method=org.apache.tomcat.util.bcel.classfile.Constant.readConstant(Ljava/io/DataInputStream;)Lorg/apache/tomcat/util/bcel/classfile/Constant; @ 146
Event: 20.392 Thread 0x000000001dc55000 Uncommon trap: reason=unstable_if action=reinterpret pc=0x00000000043a7fd8 method=org.apache.tomcat.util.bcel.classfile.StackMapTableEntry.<init>(Ljava/io/DataInputStream;Lorg/apache/tomcat/util/bcel/classfile/ConstantPool;)V @ 109
Event: 20.459 Thread 0x000000001dc55000 Uncommon trap: reason=unstable_if action=reinterpret pc=0x0000000003877f20 method=org.apache.tomcat.util.bcel.classfile.ConstantUtf8$1.removeEldestEntry(Ljava/util/Map$Entry;)Z @ 7
Event: 20.512 Thread 0x000000001dc55000 Uncommon trap: reason=unstable_if action=reinterpret pc=0x00000000041fc634 method=java.util.HashMap.removeNode(ILjava/lang/Object;Ljava/lang/Object;ZZ)Ljava/util/HashMap$Node; @ 71
Event: 20.584 Thread 0x000000001dc55000 Uncommon trap: reason=unloaded action=reinterpret pc=0x000000000435c48c method=org.apache.tomcat.util.bcel.classfile.Attribute.readAttribute(Ljava/io/DataInputStream;Lorg/apache/tomcat/util/bcel/classfile/ConstantPool;)Lorg/apache/tomcat/util/bcel/classfi
Event: 20.823 Thread 0x000000001dc55000 Uncommon trap: reason=unstable_if action=reinterpret pc=0x000000000431a0a8 method=java.util.LinkedHashMap.afterNodeAccess(Ljava/util/HashMap$Node;)V @ 41
Event: 21.093 Thread 0x0000000003239000 Uncommon trap: reason=unstable_if action=reinterpret pc=0x00000000042095d0 method=java.util.WeakHashMap.eq(Ljava/lang/Object;Ljava/lang/Object;)Z @ 10

Classes redefined (0 events):
No events

Internal exceptions (10 events):
Event: 9.734 Thread 0x0000000003142800 Exception <a 'java/lang/ClassNotFoundException': com/sun/tools/javac/api/JavacTool> (0x00000000d7c9d820) thrown at [C:\re\workspace\8-2-build-windows-amd64-cygwin\jdk8u171\10807\hotspot\src\share\vm\classfile\systemDictionary.cpp, line 210]
Event: 11.607 Thread 0x0000000003142800 Exception <a 'java/io/FileNotFoundException'> (0x00000000d6b0afe0) thrown at [C:\re\workspace\8-2-build-windows-amd64-cygwin\jdk8u171\10807\hotspot\src\share\vm\prims\jni.cpp, line 709]
Event: 11.615 Thread 0x0000000003142800 Exception <a 'java/io/FileNotFoundException'> (0x00000000d6b40d28) thrown at [C:\re\workspace\8-2-build-windows-amd64-cygwin\jdk8u171\10807\hotspot\src\share\vm\prims\jni.cpp, line 709]
Event: 15.204 Thread 0x0000000003142800 Exception <a 'java/io/FileNotFoundException'> (0x00000000d7491b28) thrown at [C:\re\workspace\8-2-build-windows-amd64-cygwin\jdk8u171\10807\hotspot\src\share\vm\prims\jni.cpp, line 709]
Event: 17.587 Thread 0x0000000003142800 Implicit null exception at 0x000000000411548c to 0x00000000041158a9
Event: 18.324 Thread 0x000000001dc55000 Implicit null exception at 0x00000000033df967 to 0x00000000033e065d
Event: 18.436 Thread 0x000000001dc55000 Implicit null exception at 0x0000000003501bd9 to 0x00000000035020c1
Event: 18.436 Thread 0x000000001dc55000 Implicit null exception at 0x000000000346f0d6 to 0x000000000346f57d
Event: 19.101 Thread 0x000000001dc55000 Implicit null exception at 0x00000000033bcb55 to 0x00000000033bd1e1
Event: 20.823 Thread 0x000000001dc55000 Implicit null exception at 0x0000000004319984 to 0x000000000431a081

Events (10 events):
Event: 21.629 Thread 0x0000000019175000 flushing nmethod 0x0000000003caa710
Event: 21.629 Thread 0x0000000019175000 flushing nmethod 0x0000000003cab790
Event: 21.629 Thread 0x0000000019175000 flushing nmethod 0x0000000003cac7d0
Event: 21.629 Thread 0x0000000019175000 flushing nmethod 0x0000000003cad850
Event: 21.629 Thread 0x0000000019175000 flushing nmethod 0x0000000003cae8d0
Event: 21.629 Thread 0x0000000019175000 flushing nmethod 0x0000000003cbe4d0
Event: 21.629 Thread 0x0000000019175000 flushing nmethod 0x0000000003ccebd0
Event: 21.630 Thread 0x0000000019175000 flushing nmethod 0x0000000003d72690
Event: 21.630 Thread 0x0000000019175000 flushing nmethod 0x0000000003d94ed0
Event: 21.630 Thread 0x0000000019175000 flushing nmethod 0x0000000003db6310


Dynamic libraries:
0x00007ff6a7770000 - 0x00007ff6a77a7000 	C:\Program Files\Java\jdk1.8.0_171\bin\java.exe
0x00007fff69b20000 - 0x00007fff69d0d000 	C:\Windows\SYSTEM32\ntdll.dll
0x00007fff66fa0000 - 0x00007fff67053000 	C:\Windows\System32\KERNEL32.DLL
0x00007fff665b0000 - 0x00007fff66843000 	C:\Windows\System32\KERNELBASE.dll
0x00007fff671c0000 - 0x00007fff67263000 	C:\Windows\System32\ADVAPI32.dll
0x00007fff67df0000 - 0x00007fff67e8e000 	C:\Windows\System32\msvcrt.dll
0x00007fff68150000 - 0x00007fff681ee000 	C:\Windows\System32\sechost.dll
0x00007fff68390000 - 0x00007fff684b2000 	C:\Windows\System32\RPCRT4.dll
0x00007fff681f0000 - 0x00007fff68387000 	C:\Windows\System32\USER32.dll
0x00007fff668b0000 - 0x00007fff668d0000 	C:\Windows\System32\win32u.dll
0x00007fff68120000 - 0x00007fff68149000 	C:\Windows\System32\GDI32.dll
0x00007fff66950000 - 0x00007fff66ae9000 	C:\Windows\System32\gdi32full.dll
0x00007fff66340000 - 0x00007fff663e0000 	C:\Windows\System32\msvcp_win.dll
0x00007fff664b0000 - 0x00007fff665aa000 	C:\Windows\System32\ucrtbase.dll
0x00007fff57810000 - 0x00007fff57a89000 	C:\Windows\WinSxS\amd64_microsoft.windows.common-controls_6595b64144ccf1df_6.0.17763.615_none_05b4414a072024d4\COMCTL32.dll
0x00007fff67270000 - 0x00007fff6759c000 	C:\Windows\System32\combase.dll
0x00007fff66af0000 - 0x00007fff66b6e000 	C:\Windows\System32\bcryptPrimitives.dll
0x00007fff66f60000 - 0x00007fff66f8e000 	C:\Windows\System32\IMM32.DLL
0x000000005d780000 - 0x000000005d852000 	C:\Program Files\Java\jdk1.8.0_171\jre\bin\msvcr100.dll
0x000000005cee0000 - 0x000000005d780000 	C:\Program Files\Java\jdk1.8.0_171\jre\bin\server\jvm.dll
0x00007fff67de0000 - 0x00007fff67de8000 	C:\Windows\System32\PSAPI.DLL
0x00007fff4ac00000 - 0x00007fff4ac09000 	C:\Windows\SYSTEM32\WSOCK32.dll
0x00007fff67d70000 - 0x00007fff67ddd000 	C:\Windows\System32\WS2_32.dll
0x00007fff63820000 - 0x00007fff63844000 	C:\Windows\SYSTEM32\WINMM.dll
0x00007fff553f0000 - 0x00007fff553fa000 	C:\Windows\SYSTEM32\VERSION.dll
0x00007fff637f0000 - 0x00007fff6381d000 	C:\Windows\SYSTEM32\WINMMBASE.dll
0x00007fff66900000 - 0x00007fff6694a000 	C:\Windows\System32\cfgmgr32.dll
0x000000005ced0000 - 0x000000005cedf000 	C:\Program Files\Java\jdk1.8.0_171\jre\bin\verify.dll
0x000000005cea0000 - 0x000000005cec9000 	C:\Program Files\Java\jdk1.8.0_171\jre\bin\java.dll
0x000000005bbf0000 - 0x000000005bc25000 	C:\Program Files\Java\jdk1.8.0_171\jre\bin\jdwp.dll
0x000000005bf70000 - 0x000000005bf78000 	C:\Program Files\Java\jdk1.8.0_171\jre\bin\npt.dll
0x000000005bbc0000 - 0x000000005bbe3000 	C:\Program Files\Java\jdk1.8.0_171\jre\bin\instrument.dll
0x000000005ce80000 - 0x000000005ce96000 	C:\Program Files\Java\jdk1.8.0_171\jre\bin\zip.dll
0x00007fff68600000 - 0x00007fff69af0000 	C:\Windows\System32\SHELL32.dll
0x00007fff67e90000 - 0x00007fff67f38000 	C:\Windows\System32\shcore.dll
0x00007fff65bf0000 - 0x00007fff6633a000 	C:\Windows\System32\windows.storage.dll
0x00007fff65b40000 - 0x00007fff65b64000 	C:\Windows\System32\profapi.dll
0x00007fff65b70000 - 0x00007fff65bcd000 	C:\Windows\System32\powrprof.dll
0x00007fff66f00000 - 0x00007fff66f52000 	C:\Windows\System32\shlwapi.dll
0x00007fff65b20000 - 0x00007fff65b31000 	C:\Windows\System32\kernel.appcore.dll
0x00007fff663e0000 - 0x00007fff663f7000 	C:\Windows\System32\cryptsp.dll
0x000000005bf60000 - 0x000000005bf69000 	C:\Program Files\Java\jdk1.8.0_171\jre\bin\dt_socket.dll
0x00007fff65300000 - 0x00007fff65367000 	C:\Windows\system32\mswsock.dll
0x000000005ce30000 - 0x000000005ce4a000 	C:\Program Files\Java\jdk1.8.0_171\jre\bin\net.dll
0x000000005cdd0000 - 0x000000005cde1000 	C:\Program Files\Java\jdk1.8.0_171\jre\bin\nio.dll
0x00007fff64ec0000 - 0x00007fff64ef3000 	C:\Windows\system32\rsaenh.dll
0x00007fff668d0000 - 0x00007fff668f6000 	C:\Windows\System32\bcrypt.dll
0x00007fff65a20000 - 0x00007fff65a48000 	C:\Windows\SYSTEM32\USERENV.dll
0x00007fff654d0000 - 0x00007fff654dc000 	C:\Windows\SYSTEM32\CRYPTBASE.dll
0x00007fff65060000 - 0x00007fff6509d000 	C:\Windows\SYSTEM32\IPHLPAPI.DLL
0x00007fff685f0000 - 0x00007fff685f8000 	C:\Windows\System32\NSI.dll
0x00007fff58970000 - 0x00007fff58986000 	C:\Windows\SYSTEM32\dhcpcsvc6.DLL
0x00007fff58c30000 - 0x00007fff58c4c000 	C:\Windows\SYSTEM32\dhcpcsvc.DLL
0x00007fff650a0000 - 0x00007fff65166000 	C:\Windows\SYSTEM32\DNSAPI.dll
0x000000005cba0000 - 0x000000005cbad000 	C:\Program Files\Java\jdk1.8.0_171\jre\bin\management.dll

VM Arguments:
jvm_args: -agentlib:jdwp=transport=dt_socket,address=127.0.0.1:7185,suspend=y,server=n -Dmaven.multiModuleProjectDirectory=F:\DarkHorse\pygproject\pinyougou\pinyougou-manage-web -DarchetypeCatalog=internal -Dmaven.home=D:\apache-maven-3.3.9\apache-maven-3.3.9 -Dclassworlds.conf=D:\apache-maven-3.3.9\apache-maven-3.3.9\bin\m2.conf -javaagent:C:\Users\LeonLai\.IntelliJIdea2019.1\system\captureAgent\debugger-agent.jar -Dfile.encoding=UTF-8 
java_command: org.codehaus.classworlds.Launcher -Didea.version2019.1 -s D:\apache-maven-3.3.9\apache-maven-3.3.9\conf\settings.xml -Dmaven.repo.local=C:\webServer\repository tomcat7:run
java_class_path (initial): D:\apache-maven-3.3.9\apache-maven-3.3.9\boot\plexus-classworlds-2.5.2.jar;C:\ideaIU_2019.1\IntelliJ IDEA 2019.1\lib\idea_rt.jar;C:\Users\LeonLai\.IntelliJIdea2019.1\system\captureAgent\debugger-agent.jar
Launcher Type: SUN_STANDARD

Environment Variables:
JAVA_HOME=C:\Program Files\Java\jdk1.8.0_171
PATH=D:\apache-maven-3.3.9\apache-maven-3.3.9\\bin;C:\Program Files\Java\jdk1.8.0_171\bin;C:\Windows\system32;C:\Windows;C:\Windows\System32\Wbem;C:\Windows\System32\WindowsPowerShell\v1.0\;C:\Windows\System32\OpenSSH\;D:\mysql-5.6.22-win32\bin;C:\Software\VisualSVNServer\bin;C:\Software\TortoiseSVN\bin;C:\Software\Nodejs\;C:\Software\Git\Git\cmd;C:\Software\TortoiseGit\bin;C:\Users\LeonLai\AppData\Local\Microsoft\WindowsApps;;D:\Fillder\Fiddler;C:\Users\LeonLai\AppData\Roaming\npm
USERNAME=LeonLai
OS=Windows_NT
PROCESSOR_IDENTIFIER=Intel64 Family 6 Model 61 Stepping 4, GenuineIntel



---------------  S Y S T E M  ---------------

OS: Windows 10.0 , 64 bit Build 17763 (10.0.17763.475)

CPU:total 4 (initial active 4) (2 cores per cpu, 2 threads per core) family 6 model 61 stepping 4, cmov, cx8, fxsr, mmx, sse, sse2, sse3, ssse3, sse4.1, sse4.2, popcnt, avx, avx2, aes, clmul, erms, 3dnowpref, lzcnt, ht, tsc, tscinvbit, bmi1, bmi2, adx

Memory: 4k page, physical 8288672k(36932k free), swap 17934108k(5240k free)

vm_info: Java HotSpot(TM) 64-Bit Server VM (25.171-b11) for windows-amd64 JRE (1.8.0_171-b11), built on Mar 28 2018 16:06:12 by "java_re" with MS VC++ 10.0 (VS2010)

time: Thu Jul 25 11:18:31 2019
elapsed time: 21 seconds (0d 0h 0m 21s)

